TN:
SF:src/TodoIntegratorPlugin.ts
FN:28,(anonymous_0)
FN:43,(anonymous_1)
FN:64,(anonymous_3)
FN:65,(anonymous_4)
FN:78,(anonymous_5)
FN:87,(anonymous_6)
FN:109,(anonymous_7)
FN:131,(anonymous_8)
FN:151,(anonymous_9)
FN:156,(anonymous_10)
FN:163,(anonymous_11)
FN:170,(anonymous_12)
FN:174,(anonymous_13)
FN:201,(anonymous_15)
FN:225,(anonymous_17)
FN:299,(anonymous_19)
FN:312,(anonymous_21)
FN:318,(anonymous_22)
FN:359,(anonymous_23)
FN:364,(anonymous_25)
FN:364,(anonymous_26)
FN:372,(anonymous_27)
FN:396,(anonymous_29)
FN:400,(anonymous_30)
FN:464,(anonymous_32)
FN:486,(anonymous_34)
FN:499,(anonymous_36)
FN:505,(anonymous_37)
FN:514,(anonymous_38)
FN:522,(anonymous_39)
FN:550,(anonymous_41)
FN:561,(anonymous_42)
FN:582,(anonymous_44)
FNF:33
FNH:16
FNDA:36,(anonymous_0)
FNDA:20,(anonymous_1)
FNDA:10,(anonymous_3)
FNDA:0,(anonymous_4)
FNDA:0,(anonymous_5)
FNDA:0,(anonymous_6)
FNDA:4,(anonymous_7)
FNDA:20,(anonymous_8)
FNDA:20,(anonymous_9)
FNDA:0,(anonymous_10)
FNDA:0,(anonymous_11)
FNDA:0,(anonymous_12)
FNDA:26,(anonymous_13)
FNDA:2,(anonymous_15)
FNDA:0,(anonymous_17)
FNDA:2,(anonymous_19)
FNDA:0,(anonymous_21)
FNDA:0,(anonymous_22)
FNDA:4,(anonymous_23)
FNDA:0,(anonymous_25)
FNDA:0,(anonymous_26)
FNDA:1,(anonymous_27)
FNDA:16,(anonymous_29)
FNDA:4,(anonymous_30)
FNDA:0,(anonymous_32)
FNDA:0,(anonymous_34)
FNDA:0,(anonymous_36)
FNDA:0,(anonymous_37)
FNDA:5,(anonymous_38)
FNDA:1,(anonymous_39)
FNDA:3,(anonymous_41)
FNDA:0,(anonymous_42)
FNDA:0,(anonymous_44)
DA:4,4
DA:5,4
DA:6,4
DA:7,4
DA:8,4
DA:9,4
DA:10,4
DA:11,4
DA:12,4
DA:13,4
DA:14,4
DA:15,4
DA:25,4
DA:26,4
DA:28,4
DA:40,36
DA:41,36
DA:45,20
DA:46,20
DA:49,20
DA:52,20
DA:53,20
DA:55,20
DA:58,20
DA:61,20
DA:64,10
DA:65,0
DA:69,20
DA:72,20
DA:75,20
DA:78,20
DA:79,0
DA:82,20
DA:85,20
DA:87,0
DA:92,20
DA:95,20
DA:98,20
DA:99,0
DA:100,0
DA:102,0
DA:106,20
DA:110,4
DA:111,0
DA:115,4
DA:117,4
DA:118,0
DA:119,0
DA:122,4
DA:123,0
DA:126,4
DA:127,0
DA:132,20
DA:133,20
DA:134,20
DA:135,20
DA:142,20
DA:153,20
DA:156,0
DA:160,20
DA:163,0
DA:167,20
DA:170,0
DA:175,26
DA:176,26
DA:177,19
DA:179,7
DA:180,7
DA:184,26
DA:185,5
DA:190,26
DA:191,0
DA:194,26
DA:196,0
DA:197,0
DA:202,2
DA:203,2
DA:204,0
DA:207,2
DA:208,2
DA:211,2
DA:212,2
DA:213,0
DA:216,2
DA:218,2
DA:220,0
DA:221,0
DA:227,0
DA:228,0
DA:229,0
DA:232,0
DA:233,0
DA:234,0
DA:237,0
DA:238,0
DA:239,0
DA:241,0
DA:242,0
DA:243,0
DA:245,0
DA:246,0
DA:247,0
DA:251,0
DA:254,0
DA:255,0
DA:256,0
DA:262,0
DA:265,0
DA:266,0
DA:267,0
DA:273,0
DA:276,0
DA:277,0
DA:278,0
DA:284,0
DA:285,0
DA:288,0
DA:295,0
DA:300,2
DA:301,0
DA:302,0
DA:305,2
DA:306,2
DA:309,2
DA:312,1
DA:313,0
DA:315,1
DA:318,1
DA:319,0
DA:320,0
DA:325,1
DA:326,1
DA:329,1
DA:330,1
DA:333,1
DA:336,1
DA:339,1
DA:341,1
DA:346,1
DA:348,1
DA:349,0
DA:354,1
DA:355,1
DA:360,4
DA:361,1
DA:364,3
DA:365,0
DA:368,3
DA:369,3
DA:373,1
DA:375,1
DA:376,1
DA:380,1
DA:381,1
DA:384,1
DA:385,0
DA:388,1
DA:391,0
DA:392,0
DA:397,16
DA:401,4
DA:402,3
DA:403,3
DA:406,1
DA:407,0
DA:410,1
DA:411,1
DA:412,1
DA:415,1
DA:420,1
DA:422,1
DA:423,1
DA:427,1
DA:428,1
DA:429,1
DA:435,0
DA:436,0
DA:444,1
DA:445,0
DA:448,0
DA:449,0
DA:452,0
DA:455,1
DA:456,1
DA:457,1
DA:465,0
DA:467,0
DA:469,0
DA:476,0
DA:479,0
DA:481,0
DA:482,0
DA:487,0
DA:488,0
DA:490,0
DA:491,0
DA:492,0
DA:494,0
DA:495,0
DA:500,0
DA:501,0
DA:504,0
DA:505,0
DA:506,0
DA:509,0
DA:515,5
DA:516,0
DA:517,0
DA:518,0
DA:526,1
DA:527,1
DA:530,1
DA:531,0
DA:532,1
DA:533,1
DA:534,0
DA:536,1
DA:538,0
DA:539,0
DA:540,0
DA:542,0
DA:554,3
DA:555,3
DA:562,0
DA:563,0
DA:564,0
DA:567,0
DA:570,0
DA:571,0
DA:573,0
DA:574,0
DA:577,0
DA:578,0
DA:583,0
LF:234
LH:125
BRDA:46,0,0,20
BRDA:46,0,1,20
BRDA:46,1,0,10
BRDA:46,1,1,10
BRDA:46,2,0,20
BRDA:46,2,1,11
BRDA:98,3,0,0
BRDA:98,4,0,20
BRDA:98,4,1,0
BRDA:98,5,0,10
BRDA:98,5,1,10
BRDA:98,6,0,20
BRDA:98,6,1,20
BRDA:110,7,0,0
BRDA:117,8,0,0
BRDA:122,9,0,0
BRDA:126,10,0,0
BRDA:138,11,0,20
BRDA:138,11,1,10
BRDA:138,12,0,10
BRDA:138,12,1,10
BRDA:138,13,0,20
BRDA:138,13,1,20
BRDA:139,14,0,20
BRDA:139,14,1,10
BRDA:139,15,0,10
BRDA:139,15,1,10
BRDA:139,16,0,20
BRDA:139,16,1,20
BRDA:140,17,0,10
BRDA:140,17,1,10
BRDA:140,18,0,20
BRDA:140,18,1,20
BRDA:147,19,0,20
BRDA:147,19,1,10
BRDA:147,20,0,10
BRDA:147,20,1,10
BRDA:147,21,0,20
BRDA:147,21,1,20
BRDA:176,22,0,19
BRDA:176,22,1,7
BRDA:184,23,0,5
BRDA:190,24,0,0
BRDA:190,25,0,26
BRDA:190,25,1,26
BRDA:190,26,0,0
BRDA:190,26,1,26
BRDA:190,27,0,26
BRDA:190,27,1,26
BRDA:194,28,0,5
BRDA:194,28,1,21
BRDA:194,29,0,26
BRDA:194,29,1,26
BRDA:196,30,0,0
BRDA:196,30,1,0
BRDA:196,31,0,0
BRDA:196,31,1,0
BRDA:203,32,0,0
BRDA:203,32,1,2
BRDA:207,33,0,2
BRDA:207,33,1,1
BRDA:212,34,0,0
BRDA:218,35,0,2
BRDA:218,35,1,0
BRDA:218,36,0,2
BRDA:218,36,1,2
BRDA:220,37,0,0
BRDA:220,37,1,0
BRDA:220,38,0,0
BRDA:220,38,1,0
BRDA:227,39,0,0
BRDA:228,40,0,0
BRDA:228,40,1,0
BRDA:228,41,0,0
BRDA:228,41,1,0
BRDA:237,42,0,0
BRDA:241,43,0,0
BRDA:245,44,0,0
BRDA:251,45,0,0
BRDA:251,46,0,0
BRDA:251,46,1,0
BRDA:251,46,2,0
BRDA:256,47,0,0
BRDA:256,47,1,0
BRDA:256,48,0,0
BRDA:256,48,1,0
BRDA:262,49,0,0
BRDA:262,50,0,0
BRDA:262,50,1,0
BRDA:262,50,2,0
BRDA:267,51,0,0
BRDA:267,51,1,0
BRDA:267,52,0,0
BRDA:267,52,1,0
BRDA:273,53,0,0
BRDA:273,54,0,0
BRDA:273,54,1,0
BRDA:273,54,2,0
BRDA:278,55,0,0
BRDA:278,55,1,0
BRDA:278,56,0,0
BRDA:278,56,1,0
BRDA:284,57,0,0
BRDA:288,58,0,0
BRDA:288,58,1,0
BRDA:288,59,0,0
BRDA:288,59,1,0
BRDA:295,60,0,0
BRDA:295,60,1,0
BRDA:295,61,0,0
BRDA:295,61,1,0
BRDA:300,62,0,0
BRDA:300,63,0,2
BRDA:300,63,1,2
BRDA:319,64,0,0
BRDA:329,65,0,1
BRDA:348,66,0,0
BRDA:350,67,0,0
BRDA:350,67,1,0
BRDA:360,68,0,1
BRDA:375,69,0,1
BRDA:384,70,0,0
BRDA:397,71,0,16
BRDA:397,71,1,11
BRDA:397,72,0,5
BRDA:397,72,1,11
BRDA:397,73,0,16
BRDA:397,73,1,16
BRDA:401,74,0,3
BRDA:406,75,0,0
BRDA:427,76,0,1
BRDA:427,76,1,0
BRDA:448,77,0,0
BRDA:456,78,0,1
BRDA:456,78,1,0
BRDA:459,79,0,1
BRDA:459,79,1,0
BRDA:490,80,0,0
BRDA:490,80,1,0
BRDA:490,81,0,0
BRDA:490,81,1,0
BRDA:500,82,0,0
BRDA:515,83,0,0
BRDA:530,84,0,0
BRDA:530,84,1,1
BRDA:532,85,0,1
BRDA:532,85,1,0
BRDA:533,86,0,0
BRDA:533,86,1,1
BRDA:533,87,0,1
BRDA:533,87,1,1
BRDA:538,88,0,0
BRDA:538,88,1,0
BRDA:538,89,0,0
BRDA:538,89,1,0
BRDA:540,90,0,0
BRDA:540,91,0,0
BRDA:540,91,1,0
BRDA:540,91,2,0
BRF:159
BRH:71
end_of_record
TN:
SF:src/constants.ts
FN:39,(anonymous_0)
FN:40,(anonymous_1)
FNF:2
FNH:2
FNDA:2,(anonymous_0)
FNDA:1,(anonymous_1)
DA:2,21
DA:4,21
DA:6,21
DA:20,21
DA:31,21
DA:36,21
DA:39,2
DA:40,1
DA:43,21
DA:69,21
DA:80,21
DA:87,21
DA:88,21
DA:90,21
DA:91,21
DA:93,21
DA:94,21
LF:17
LH:17
BRF:0
BRH:0
end_of_record
TN:
SF:src/api/TodoApiClient.ts
FN:23,(anonymous_0)
FN:28,(anonymous_1)
FN:33,(anonymous_2)
FN:38,(anonymous_3)
FN:76,(anonymous_5)
FN:105,(anonymous_7)
FN:122,(anonymous_9)
FN:131,(anonymous_10)
FN:153,(anonymous_12)
FN:197,(anonymous_14)
FN:221,(anonymous_15)
FN:225,(anonymous_17)
FN:283,(anonymous_19)
FN:320,(anonymous_21)
FN:362,(anonymous_23)
FN:395,(anonymous_25)
FN:399,(anonymous_26)
FN:404,(anonymous_27)
FN:410,(anonymous_28)
FN:423,(anonymous_30)
FNF:20
FNH:15
FNDA:20,(anonymous_0)
FNDA:8,(anonymous_1)
FNDA:1,(anonymous_2)
FNDA:3,(anonymous_3)
FNDA:2,(anonymous_5)
FNDA:2,(anonymous_7)
FNDA:1,(anonymous_9)
FNDA:1,(anonymous_10)
FNDA:1,(anonymous_12)
FNDA:2,(anonymous_14)
FNDA:1,(anonymous_15)
FNDA:1,(anonymous_17)
FNDA:1,(anonymous_19)
FNDA:0,(anonymous_21)
FNDA:0,(anonymous_23)
FNDA:0,(anonymous_25)
FNDA:0,(anonymous_26)
FNDA:8,(anonymous_27)
FNDA:8,(anonymous_28)
FNDA:0,(anonymous_30)
DA:14,6
DA:15,6
DA:17,6
DA:18,20
DA:20,20
DA:24,20
DA:25,20
DA:29,8
DA:30,8
DA:34,1
DA:39,3
DA:41,2
DA:42,2
DA:43,2
DA:51,2
DA:52,1
DA:55,1
DA:57,1
DA:63,1
DA:68,1
DA:71,1
DA:72,1
DA:77,2
DA:79,2
DA:81,2
DA:82,2
DA:83,1
DA:84,1
DA:88,1
DA:89,1
DA:90,1
DA:91,1
DA:94,0
DA:100,0
DA:101,0
DA:106,2
DA:107,2
DA:115,2
DA:116,0
DA:119,2
DA:120,2
DA:122,2
DA:123,2
DA:124,1
DA:125,1
DA:128,1
DA:132,1
DA:133,1
DA:144,1
DA:145,0
DA:148,1
DA:149,1
DA:150,1
DA:154,1
DA:156,1
DA:157,1
DA:158,0
DA:161,1
DA:162,1
DA:166,1
DA:167,1
DA:175,1
DA:176,0
DA:179,1
DA:180,1
DA:182,1
DA:185,1
DA:197,1
DA:198,2
DA:207,1
DA:210,0
DA:216,0
DA:217,0
DA:222,1
DA:226,1
DA:228,1
DA:229,1
DA:232,1
DA:234,1
DA:238,1
DA:240,0
DA:241,0
DA:247,1
DA:256,1
DA:257,0
DA:260,1
DA:261,1
DA:269,1
DA:272,0
DA:278,0
DA:279,0
DA:284,1
DA:286,1
DA:287,1
DA:288,1
DA:299,1
DA:300,0
DA:303,1
DA:309,0
DA:315,0
DA:316,0
DA:321,0
DA:323,0
DA:324,0
DA:327,0
DA:329,0
DA:340,0
DA:341,0
DA:344,0
DA:351,0
DA:357,0
DA:358,0
DA:363,0
DA:365,0
DA:366,0
DA:367,0
DA:374,0
DA:375,0
DA:378,0
DA:384,0
DA:390,0
DA:391,0
DA:396,0
DA:400,0
DA:401,0
DA:405,8
DA:406,1
DA:411,8
DA:412,0
DA:415,8
DA:416,8
DA:418,0
DA:419,0
DA:424,0
DA:425,0
DA:426,0
DA:429,0
LF:137
LH:86
BRDA:51,0,0,1
BRDA:58,1,0,1
BRDA:58,1,1,0
BRDA:59,2,0,1
BRDA:59,2,1,0
BRDA:60,3,0,1
BRDA:60,3,1,0
BRDA:60,3,2,0
BRDA:82,4,0,1
BRDA:115,5,0,0
BRDA:120,6,0,2
BRDA:120,6,1,0
BRDA:123,7,0,1
BRDA:144,8,0,0
BRDA:156,9,0,1
BRDA:156,9,1,0
BRDA:157,10,0,0
BRDA:175,11,0,0
BRDA:180,12,0,1
BRDA:180,12,1,0
BRDA:187,13,0,1
BRDA:187,13,1,0
BRDA:187,14,0,0
BRDA:187,14,1,1
BRDA:187,15,0,1
BRDA:187,15,1,1
BRDA:188,16,0,1
BRDA:188,16,1,0
BRDA:188,17,0,0
BRDA:188,17,1,1
BRDA:188,18,0,1
BRDA:188,18,1,1
BRDA:217,19,0,0
BRDA:217,19,1,0
BRDA:238,20,0,0
BRDA:256,21,0,0
BRDA:279,22,0,0
BRDA:279,22,1,0
BRDA:299,23,0,0
BRDA:316,24,0,0
BRDA:316,24,1,0
BRDA:340,25,0,0
BRDA:358,26,0,0
BRDA:358,26,1,0
BRDA:374,27,0,0
BRDA:391,28,0,0
BRDA:391,28,1,0
BRDA:405,29,0,1
BRDA:411,30,0,0
BRDA:424,31,0,0
BRDA:429,32,0,0
BRDA:429,32,1,0
BRF:52
BRH:18
end_of_record
TN:
SF:src/authentication/MSALAuthenticationManager.ts
FN:29,(anonymous_0)
FN:33,(anonymous_1)
FN:47,(anonymous_3)
FN:86,(anonymous_4)
FN:115,(anonymous_6)
FN:140,(anonymous_8)
FN:147,(anonymous_10)
FN:174,(anonymous_11)
FN:196,(anonymous_12)
FN:221,(anonymous_14)
FN:229,(anonymous_15)
FN:233,(anonymous_16)
FN:251,(anonymous_18)
FNF:13
FNH:7
FNDA:23,(anonymous_0)
FNDA:10,(anonymous_1)
FNDA:0,(anonymous_3)
FNDA:1,(anonymous_4)
FNDA:0,(anonymous_6)
FNDA:0,(anonymous_8)
FNDA:0,(anonymous_10)
FNDA:0,(anonymous_11)
FNDA:3,(anonymous_12)
FNDA:8,(anonymous_14)
FNDA:2,(anonymous_15)
FNDA:1,(anonymous_16)
FNDA:0,(anonymous_18)
DA:4,6
DA:20,6
DA:22,6
DA:23,23
DA:25,23
DA:26,23
DA:27,23
DA:30,23
DA:34,10
DA:35,3
DA:38,7
DA:48,0
DA:49,0
DA:51,0
DA:52,0
DA:54,0
DA:55,0
DA:57,0
DA:58,0
DA:60,0
DA:61,0
DA:71,7
DA:72,7
DA:73,7
DA:75,0
DA:81,0
DA:82,0
DA:87,1
DA:88,1
DA:91,0
DA:93,0
DA:94,0
DA:95,0
DA:96,0
DA:100,0
DA:101,0
DA:104,0
DA:110,0
DA:111,0
DA:116,0
DA:118,0
DA:119,0
DA:120,0
DA:121,0
DA:122,0
DA:125,0
DA:126,0
DA:131,0
DA:132,0
DA:135,0
DA:136,0
DA:141,0
DA:142,0
DA:145,0
DA:148,0
DA:156,0
DA:161,0
DA:162,0
DA:167,0
DA:168,0
DA:169,0
DA:171,0
DA:175,0
DA:176,0
DA:177,0
DA:179,0
DA:188,0
DA:193,0
DA:197,3
DA:198,2
DA:202,1
DA:203,1
DA:204,1
DA:208,0
DA:209,0
DA:210,0
DA:211,0
DA:212,0
DA:215,0
DA:218,0
DA:222,8
DA:223,6
DA:226,2
DA:230,2
DA:234,1
DA:235,1
DA:236,1
DA:238,1
DA:239,1
DA:240,1
DA:241,1
DA:242,0
DA:244,0
DA:246,1
DA:252,0
LF:95
LH:33
BRDA:34,0,0,3
BRDA:34,1,0,10
BRDA:34,1,1,8
BRDA:48,2,0,0
BRDA:49,3,0,0
BRDA:49,3,1,0
BRDA:49,3,2,0
BRDA:49,3,3,0
BRDA:87,4,0,1
BRDA:94,5,0,0
BRDA:111,6,0,0
BRDA:111,6,1,0
BRDA:116,7,0,0
BRDA:120,8,0,0
BRDA:141,9,0,0
BRDA:161,10,0,0
BRDA:168,11,0,0
BRDA:176,12,0,0
BRDA:176,12,1,0
BRDA:183,13,0,0
BRDA:183,13,1,0
BRDA:183,14,0,0
BRDA:183,14,1,0
BRDA:183,15,0,0
BRDA:183,15,1,0
BRDA:184,16,0,0
BRDA:184,16,1,0
BRDA:184,17,0,0
BRDA:184,17,1,0
BRDA:184,18,0,0
BRDA:184,18,1,0
BRDA:197,19,0,2
BRDA:197,20,0,3
BRDA:197,20,1,1
BRDA:203,21,0,1
BRDA:211,22,0,0
BRDA:222,23,0,6
BRDA:222,24,0,8
BRDA:222,24,1,2
BRDA:238,25,0,1
BRF:40
BRH:12
end_of_record
TN:
SF:src/config/AppConfig.ts
FN:40,(anonymous_0)
FN:64,(anonymous_1)
FNF:2
FNH:1
FNDA:21,(anonymous_0)
FNDA:0,(anonymous_1)
DA:4,21
DA:23,21
DA:34,21
DA:40,21
DA:42,21
DA:43,21
DA:52,0
DA:53,0
DA:60,0
DA:64,21
DA:65,0
DA:69,21
LF:12
LH:8
BRDA:35,0,0,21
BRDA:35,0,1,21
BRDA:36,1,0,21
BRDA:36,1,1,21
BRDA:42,2,0,21
BRDA:52,3,0,0
BRDA:52,4,0,0
BRDA:52,4,1,0
BRF:8
BRH:5
end_of_record
TN:
SF:src/parser/ObsidianTodoParser.ts
FN:14,(anonymous_0)
FN:20,(anonymous_1)
FN:111,(anonymous_3)
FN:161,(anonymous_5)
FN:208,(anonymous_7)
FN:222,(anonymous_9)
FN:240,(anonymous_10)
FN:273,(anonymous_11)
FNF:8
FNH:8
FNDA:38,(anonymous_0)
FNDA:7,(anonymous_1)
FNDA:3,(anonymous_3)
FNDA:3,(anonymous_5)
FNDA:2,(anonymous_7)
FNDA:19,(anonymous_9)
FNDA:2,(anonymous_10)
FNDA:2,(anonymous_11)
DA:4,5
DA:7,5
DA:9,5
DA:15,38
DA:16,38
DA:17,38
DA:21,7
DA:22,7
DA:23,7
DA:24,1
DA:27,6
DA:28,6
DA:29,6
DA:32,6
DA:33,6
DA:35,6
DA:36,2
DA:37,2
DA:38,0
DA:39,0
DA:41,2
DA:42,2
DA:46,6
DA:47,6
DA:49,6
DA:50,21
DA:51,21
DA:53,21
DA:56,15
DA:57,15
DA:58,2
DA:59,2
DA:62,13
DA:63,13
DA:66,13
DA:67,13
DA:70,13
DA:71,13
DA:74,13
DA:77,13
DA:80,13
DA:81,0
DA:82,0
DA:85,13
DA:96,13
DA:100,6
DA:101,6
DA:102,6
DA:104,6
DA:106,1
DA:107,1
DA:117,3
DA:118,3
DA:119,3
DA:120,0
DA:123,3
DA:124,3
DA:126,3
DA:127,1
DA:130,2
DA:131,2
DA:133,2
DA:134,0
DA:137,2
DA:140,2
DA:143,2
DA:144,2
DA:147,2
DA:148,1
DA:151,2
DA:153,2
DA:154,2
DA:156,1
DA:157,1
DA:167,3
DA:168,3
DA:169,3
DA:170,0
DA:173,3
DA:174,3
DA:177,3
DA:178,3
DA:179,5
DA:180,2
DA:181,2
DA:185,3
DA:187,1
DA:188,1
DA:192,3
DA:193,3
DA:194,1
DA:198,3
DA:200,3
DA:201,3
DA:203,0
DA:204,0
DA:209,2
DA:210,2
DA:211,2
DA:212,1
DA:215,1
DA:217,1
DA:218,1
DA:224,19
DA:227,19
DA:232,19
DA:233,19
DA:234,19
DA:235,19
DA:237,19
DA:241,2
DA:242,2
DA:243,1
DA:246,1
DA:247,1
DA:250,1
DA:251,1
DA:253,1
DA:254,1
DA:257,1
DA:259,1
DA:261,1
DA:274,2
DA:276,2
DA:277,9
DA:278,9
DA:281,2
DA:282,2
DA:285,2
DA:286,11
DA:287,11
DA:288,11
DA:289,3
DA:290,2
DA:291,2
DA:295,2
DA:298,0
LF:137
LH:127
BRDA:23,0,0,1
BRDA:23,1,0,7
BRDA:23,1,1,6
BRDA:35,2,0,2
BRDA:37,3,0,0
BRDA:46,4,0,2
BRDA:46,4,1,4
BRDA:47,5,0,2
BRDA:47,5,1,4
BRDA:53,6,0,6
BRDA:57,7,0,2
BRDA:57,8,0,15
BRDA:57,8,1,13
BRDA:67,9,0,1
BRDA:67,9,1,12
BRDA:71,10,0,1
BRDA:71,10,1,12
BRDA:80,11,0,0
BRDA:80,12,0,13
BRDA:80,12,1,13
BRDA:100,13,0,6
BRDA:101,14,0,2
BRDA:101,14,1,4
BRDA:119,15,0,0
BRDA:126,16,0,1
BRDA:133,17,0,0
BRDA:143,18,0,1
BRDA:143,18,1,1
BRDA:147,19,0,1
BRDA:147,20,0,2
BRDA:147,20,1,1
BRDA:169,21,0,0
BRDA:179,22,0,2
BRDA:185,23,0,1
BRDA:193,24,0,1
BRDA:211,25,0,1
BRDA:242,26,0,1
BRDA:251,27,0,1
BRDA:251,27,1,0
BRDA:254,28,0,0
BRDA:254,28,1,1
BRDA:278,29,0,7
BRDA:281,30,0,2
BRDA:281,30,1,0
BRDA:288,31,0,8
BRDA:289,32,0,2
BRF:46
BRH:38
end_of_record
TN:
SF:src/services/MicrosoftTodoService.ts
FN:17,(anonymous_0)
FN:25,(anonymous_1)
FN:38,(anonymous_3)
FN:51,(anonymous_4)
FN:88,(anonymous_6)
FN:102,(anonymous_8)
FN:111,(anonymous_9)
FN:126,(anonymous_10)
FN:138,(anonymous_12)
FN:155,(anonymous_13)
FN:173,(anonymous_15)
FN:181,(anonymous_17)
FN:193,(anonymous_18)
FN:207,(anonymous_20)
FNF:14
FNH:13
FNDA:21,(anonymous_0)
FNDA:4,(anonymous_1)
FNDA:2,(anonymous_3)
FNDA:5,(anonymous_4)
FNDA:2,(anonymous_6)
FNDA:1,(anonymous_8)
FNDA:0,(anonymous_9)
FNDA:2,(anonymous_10)
FNDA:1,(anonymous_12)
FNDA:2,(anonymous_13)
FNDA:3,(anonymous_15)
FNDA:1,(anonymous_17)
FNDA:3,(anonymous_18)
FNDA:4,(anonymous_20)
DA:13,1
DA:18,21
DA:19,21
DA:26,4
DA:27,4
DA:28,4
DA:29,0
DA:32,4
DA:33,4
DA:36,3
DA:37,3
DA:38,2
DA:41,3
DA:43,1
DA:44,1
DA:52,5
DA:53,5
DA:54,5
DA:55,0
DA:61,5
DA:63,1
DA:70,4
DA:73,4
DA:78,4
DA:80,1
DA:81,1
DA:89,2
DA:90,2
DA:91,2
DA:92,0
DA:96,2
DA:97,2
DA:98,1
DA:101,1
DA:102,1
DA:103,1
DA:104,0
DA:106,1
DA:110,0
DA:111,0
DA:112,0
DA:113,0
DA:116,0
DA:118,1
DA:119,1
DA:127,2
DA:128,2
DA:129,2
DA:130,0
DA:134,2
DA:137,1
DA:138,1
DA:140,1
DA:141,0
DA:144,1
DA:145,1
DA:147,1
DA:148,1
DA:156,2
DA:157,2
DA:158,2
DA:159,0
DA:162,2
DA:163,1
DA:165,1
DA:166,1
DA:174,3
DA:175,3
DA:176,3
DA:177,0
DA:180,3
DA:181,2
DA:183,2
DA:185,1
DA:186,1
DA:194,3
DA:195,3
DA:196,3
DA:197,0
DA:200,3
DA:204,3
DA:205,2
DA:207,2
DA:208,4
DA:212,1
DA:213,1
LF:86
LH:72
BRDA:27,0,0,4
BRDA:27,0,1,3
BRDA:27,1,0,2
BRDA:27,1,1,2
BRDA:27,2,0,4
BRDA:27,2,1,4
BRDA:28,3,0,0
BRDA:37,4,0,1
BRDA:37,5,0,1
BRDA:37,5,1,2
BRDA:37,6,0,3
BRDA:37,6,1,3
BRDA:53,7,0,5
BRDA:53,7,1,4
BRDA:54,8,0,0
BRDA:61,9,0,1
BRDA:61,9,1,4
BRDA:91,10,0,0
BRDA:96,11,0,2
BRDA:103,12,0,0
BRDA:112,13,0,0
BRDA:129,14,0,0
BRDA:140,15,0,0
BRDA:158,16,0,0
BRDA:176,17,0,0
BRDA:183,18,0,2
BRDA:183,18,1,1
BRDA:196,19,0,0
BRDA:208,20,0,4
BRDA:208,20,1,2
BRDA:208,20,2,0
BRDA:209,21,0,2
BRDA:209,21,1,0
BRDA:209,22,0,2
BRDA:209,22,1,2
BRF:35
BRH:23
end_of_record
TN:
SF:src/settings/PluginSettings.ts
FN:17,(anonymous_0)
FN:30,(anonymous_1)
FN:44,(anonymous_3)
FN:74,(anonymous_5)
FN:124,(anonymous_6)
FN:128,(anonymous_7)
FN:147,(anonymous_8)
FN:151,(anonymous_9)
FN:158,(anonymous_10)
FN:168,(anonymous_11)
FN:178,(anonymous_12)
FN:188,(anonymous_13)
FN:196,(anonymous_14)
FN:205,(anonymous_15)
FN:211,(anonymous_16)
FN:219,(anonymous_17)
FN:246,(anonymous_18)
FNF:17
FNH:2
FNDA:10,(anonymous_0)
FNDA:10,(anonymous_1)
FNDA:0,(anonymous_3)
FNDA:0,(anonymous_5)
FNDA:0,(anonymous_6)
FNDA:0,(anonymous_7)
FNDA:0,(anonymous_8)
FNDA:0,(anonymous_9)
FNDA:0,(anonymous_10)
FNDA:0,(anonymous_11)
FNDA:0,(anonymous_12)
FNDA:0,(anonymous_13)
FNDA:0,(anonymous_14)
FNDA:0,(anonymous_15)
FNDA:0,(anonymous_16)
FNDA:0,(anonymous_17)
FNDA:0,(anonymous_18)
DA:7,4
DA:8,4
DA:10,4
DA:23,10
DA:24,10
DA:25,10
DA:26,10
DA:27,10
DA:31,10
DA:32,10
DA:33,10
DA:34,10
DA:35,10
DA:37,0
DA:38,0
DA:39,0
DA:40,0
DA:45,0
DA:46,0
DA:47,0
DA:48,0
DA:51,0
DA:52,0
DA:53,0
DA:56,0
DA:57,0
DA:58,0
DA:61,0
DA:63,0
DA:66,0
DA:68,0
DA:69,0
DA:70,0
DA:75,0
DA:78,0
DA:80,0
DA:81,0
DA:82,0
DA:83,0
DA:87,0
DA:88,0
DA:89,0
DA:90,0
DA:95,0
DA:96,0
DA:97,0
DA:101,0
DA:102,0
DA:103,0
DA:106,0
DA:107,0
DA:108,0
DA:112,0
DA:113,0
DA:117,0
DA:118,0
DA:121,0
DA:125,0
DA:129,0
DA:130,0
DA:134,0
DA:135,0
DA:136,0
DA:140,0
DA:141,0
DA:144,0
DA:148,0
DA:155,0
DA:162,0
DA:172,0
DA:182,0
DA:191,0
DA:199,0
DA:207,0
DA:208,0
DA:213,0
DA:214,0
DA:216,0
DA:220,0
DA:221,0
DA:223,0
DA:224,0
DA:227,0
DA:228,0
DA:231,0
DA:232,0
DA:235,0
DA:236,0
DA:239,0
DA:240,0
DA:243,0
DA:247,0
DA:248,0
LF:93
LH:13
BRDA:46,0,0,0
BRDA:46,0,1,0
BRDA:51,1,0,0
BRDA:51,1,1,0
BRDA:52,2,0,0
BRDA:52,2,1,0
BRDA:57,3,0,0
BRDA:78,4,0,0
BRDA:80,5,0,0
BRDA:80,6,0,0
BRDA:80,6,1,0
BRDA:87,7,0,0
BRDA:87,8,0,0
BRDA:87,8,1,0
BRDA:95,9,0,0
BRDA:101,10,0,0
BRDA:106,11,0,0
BRDA:112,12,0,0
BRDA:117,13,0,0
BRDA:117,14,0,0
BRDA:117,14,1,0
BRDA:129,15,0,0
BRDA:129,16,0,0
BRDA:129,16,1,0
BRDA:135,17,0,0
BRDA:140,18,0,0
BRDA:216,19,0,0
BRDA:216,19,1,0
BRDA:223,20,0,0
BRDA:227,21,0,0
BRDA:231,22,0,0
BRDA:235,23,0,0
BRDA:239,24,0,0
BRF:33
BRH:0
end_of_record
TN:
SF:src/sync/DailyNoteManager.ts
FN:24,(anonymous_0)
FN:39,(anonymous_1)
FN:47,(anonymous_2)
FN:79,(anonymous_4)
FN:110,(anonymous_6)
FN:156,(anonymous_8)
FN:230,(anonymous_10)
FN:314,(anonymous_12)
FN:351,(anonymous_14)
FN:396,(anonymous_16)
FN:419,(anonymous_17)
FN:424,(anonymous_18)
FN:447,(anonymous_19)
FN:468,(anonymous_20)
FN:535,(anonymous_22)
FN:556,(anonymous_24)
FN:577,(anonymous_26)
FN:599,(anonymous_28)
FN:604,(anonymous_29)
FN:625,(anonymous_30)
FN:630,(anonymous_31)
FN:649,(anonymous_32)
FN:678,(anonymous_33)
FN:683,(anonymous_34)
FN:687,(anonymous_35)
FN:692,(anonymous_36)
FN:696,(anonymous_37)
FN:701,(anonymous_38)
FN:705,(anonymous_39)
FN:716,(anonymous_40)
FN:755,(anonymous_41)
FN:761,(anonymous_42)
FN:768,(anonymous_43)
FN:782,(anonymous_44)
FN:814,(anonymous_45)
FN:822,(anonymous_47)
FNF:36
FNH:17
FNDA:43,(anonymous_0)
FNDA:8,(anonymous_1)
FNDA:2,(anonymous_2)
FNDA:0,(anonymous_4)
FNDA:4,(anonymous_6)
FNDA:2,(anonymous_8)
FNDA:2,(anonymous_10)
FNDA:0,(anonymous_12)
FNDA:0,(anonymous_14)
FNDA:2,(anonymous_16)
FNDA:0,(anonymous_17)
FNDA:0,(anonymous_18)
FNDA:4,(anonymous_19)
FNDA:2,(anonymous_20)
FNDA:1,(anonymous_22)
FNDA:0,(anonymous_24)
FNDA:0,(anonymous_26)
FNDA:0,(anonymous_28)
FNDA:0,(anonymous_29)
FNDA:1,(anonymous_30)
FNDA:1,(anonymous_31)
FNDA:1,(anonymous_32)
FNDA:1,(anonymous_33)
FNDA:2,(anonymous_34)
FNDA:0,(anonymous_35)
FNDA:0,(anonymous_36)
FNDA:0,(anonymous_37)
FNDA:0,(anonymous_38)
FNDA:0,(anonymous_39)
FNDA:9,(anonymous_40)
FNDA:0,(anonymous_41)
FNDA:0,(anonymous_42)
FNDA:9,(anonymous_43)
FNDA:0,(anonymous_44)
FNDA:0,(anonymous_45)
FNDA:0,(anonymous_47)
DA:4,6
DA:6,6
DA:13,6
DA:16,6
DA:31,43
DA:32,43
DA:33,43
DA:34,43
DA:35,43
DA:36,43
DA:40,8
DA:41,8
DA:43,8
DA:44,8
DA:48,2
DA:50,2
DA:52,2
DA:53,2
DA:54,1
DA:55,1
DA:59,1
DA:60,1
DA:62,1
DA:63,1
DA:65,1
DA:68,0
DA:74,0
DA:75,0
DA:80,0
DA:82,0
DA:84,0
DA:85,0
DA:86,0
DA:87,0
DA:91,0
DA:92,0
DA:93,0
DA:95,0
DA:96,0
DA:99,0
DA:105,0
DA:106,0
DA:111,4
DA:112,4
DA:113,4
DA:114,0
DA:117,4
DA:118,4
DA:121,4
DA:124,4
DA:125,13
DA:126,3
DA:127,3
DA:132,1
DA:133,1
DA:136,1
DA:137,1
DA:139,1
DA:140,1
DA:142,1
DA:145,0
DA:151,0
DA:152,0
DA:157,2
DA:158,2
DA:159,2
DA:160,0
DA:164,2
DA:167,2
DA:170,2
DA:171,2
DA:174,2
DA:177,2
DA:178,5
DA:181,5
DA:182,2
DA:186,3
DA:187,1
DA:188,1
DA:192,2
DA:193,0
DA:198,2
DA:200,2
DA:207,2
DA:208,2
DA:210,2
DA:211,2
DA:219,0
DA:225,0
DA:226,0
DA:231,2
DA:232,2
DA:233,2
DA:234,0
DA:235,0
DA:238,2
DA:239,2
DA:240,2
DA:243,2
DA:246,2
DA:247,2
DA:249,2
DA:250,0
DA:251,0
DA:252,0
DA:253,0
DA:255,0
DA:256,0
DA:260,2
DA:261,2
DA:263,2
DA:264,12
DA:265,12
DA:267,12
DA:268,3
DA:271,3
DA:272,3
DA:273,0
DA:274,0
DA:277,3
DA:286,3
DA:291,2
DA:292,1
DA:293,1
DA:300,2
DA:303,0
DA:309,0
DA:310,0
DA:315,0
DA:316,0
DA:319,0
DA:322,0
DA:323,0
DA:324,0
DA:325,0
DA:327,0
DA:332,0
DA:337,0
DA:340,0
DA:346,0
DA:347,0
DA:352,0
DA:353,0
DA:355,0
DA:356,0
DA:359,0
DA:362,0
DA:365,0
DA:367,0
DA:369,0
DA:372,0
DA:374,0
DA:377,0
DA:382,0
DA:385,0
DA:391,0
DA:392,0
DA:397,2
DA:400,2
DA:408,2
DA:409,10
DA:410,10
DA:411,0
DA:415,2
DA:416,2
DA:420,0
DA:421,0
DA:426,0
DA:427,0
DA:428,0
DA:430,0
DA:431,0
DA:432,0
DA:434,0
DA:435,0
DA:436,0
DA:438,0
DA:439,0
DA:441,0
DA:444,0
DA:448,4
DA:450,4
DA:452,4
DA:453,3
DA:455,1
DA:457,1
DA:458,1
DA:460,3
DA:464,3
DA:474,2
DA:475,2
DA:476,2
DA:477,0
DA:480,2
DA:481,2
DA:483,2
DA:484,0
DA:487,2
DA:488,2
DA:490,2
DA:492,1
DA:495,1
DA:497,1
DA:499,1
DA:501,1
DA:502,1
DA:506,1
DA:508,1
DA:509,1
DA:512,2
DA:513,2
DA:515,2
DA:516,2
DA:524,0
DA:530,0
DA:531,0
DA:537,1
DA:538,1
DA:541,0
DA:542,0
DA:543,0
DA:544,0
DA:546,0
DA:548,0
DA:552,0
DA:558,0
DA:559,0
DA:562,0
DA:563,0
DA:564,0
DA:565,0
DA:567,0
DA:569,0
DA:573,0
DA:578,0
DA:579,0
DA:582,0
DA:583,0
DA:584,0
DA:585,0
DA:586,0
DA:589,0
DA:590,0
DA:591,0
DA:594,0
DA:595,0
DA:600,0
DA:601,0
DA:606,0
DA:616,0
DA:622,0
DA:626,1
DA:627,1
DA:631,1
DA:638,1
DA:653,1
DA:654,3
DA:657,3
DA:658,1
DA:662,2
DA:663,1
DA:668,0
DA:669,0
DA:670,0
DA:675,0
DA:679,1
DA:680,1
DA:684,2
DA:688,0
DA:689,0
DA:693,0
DA:697,0
DA:698,0
DA:702,0
DA:706,0
DA:707,0
DA:708,0
DA:709,0
DA:718,9
DA:719,0
DA:723,0
DA:726,9
DA:727,9
DA:728,9
DA:730,9
DA:732,9
DA:734,0
DA:736,0
DA:738,0
DA:740,0
DA:742,0
DA:744,0
DA:751,0
DA:756,0
DA:757,0
DA:758,0
DA:762,0
DA:763,0
DA:764,0
DA:765,0
DA:770,9
DA:771,0
DA:775,9
DA:776,0
DA:779,9
DA:783,0
DA:785,0
DA:786,0
DA:787,0
DA:790,0
DA:791,0
DA:794,0
DA:795,0
DA:796,0
DA:797,0
DA:798,0
DA:799,0
DA:800,0
DA:804,0
DA:807,0
DA:815,0
DA:816,0
DA:817,0
DA:818,0
DA:821,0
DA:822,0
DA:823,0
DA:824,0
DA:828,0
LF:329
LH:151
BRDA:27,0,0,0
BRDA:28,1,0,23
BRDA:53,2,0,1
BRDA:53,3,0,2
BRDA:53,3,1,1
BRDA:85,4,0,0
BRDA:85,5,0,0
BRDA:85,5,1,0
BRDA:113,6,0,0
BRDA:113,7,0,4
BRDA:113,7,1,4
BRDA:121,8,0,4
BRDA:121,8,1,2
BRDA:125,9,0,3
BRDA:159,10,0,0
BRDA:159,11,0,2
BRDA:159,11,1,2
BRDA:164,12,0,2
BRDA:164,12,1,2
BRDA:181,13,0,2
BRDA:181,14,0,5
BRDA:181,14,1,2
BRDA:186,15,0,1
BRDA:192,16,0,0
BRDA:192,17,0,2
BRDA:192,17,1,0
BRDA:233,18,0,0
BRDA:233,19,0,2
BRDA:233,19,1,2
BRDA:249,20,0,0
BRDA:251,21,0,0
BRDA:260,22,0,0
BRDA:260,22,1,2
BRDA:261,23,0,0
BRDA:261,23,1,2
BRDA:267,24,0,3
BRDA:272,25,0,0
BRDA:272,26,0,3
BRDA:272,26,1,3
BRDA:281,27,0,3
BRDA:281,27,1,2
BRDA:291,28,0,1
BRDA:292,29,0,0
BRDA:292,29,1,1
BRDA:355,30,0,0
BRDA:369,31,0,0
BRDA:372,32,0,0
BRDA:397,33,0,2
BRDA:397,33,1,0
BRDA:397,34,0,0
BRDA:397,34,1,2
BRDA:397,35,0,2
BRDA:397,35,1,2
BRDA:410,36,0,0
BRDA:426,37,0,0
BRDA:426,37,1,0
BRDA:428,38,0,0
BRDA:428,38,1,0
BRDA:432,39,0,0
BRDA:432,39,1,0
BRDA:436,40,0,0
BRDA:436,40,1,0
BRDA:439,41,0,0
BRDA:452,42,0,3
BRDA:462,43,0,3
BRDA:462,43,1,0
BRDA:476,44,0,0
BRDA:476,45,0,2
BRDA:476,45,1,2
BRDA:483,46,0,0
BRDA:490,47,0,1
BRDA:490,47,1,1
BRDA:495,48,0,1
BRDA:537,49,0,1
BRDA:543,50,0,0
BRDA:558,51,0,0
BRDA:564,52,0,0
BRDA:578,53,0,0
BRDA:584,54,0,0
BRDA:584,55,0,0
BRDA:584,55,1,0
BRDA:657,56,0,1
BRDA:662,57,0,1
BRDA:669,58,0,0
BRDA:698,59,0,0
BRDA:698,59,1,0
BRDA:712,60,0,0
BRDA:712,60,1,0
BRDA:718,61,0,0
BRDA:718,62,0,9
BRDA:718,62,1,9
BRDA:720,63,0,0
BRDA:720,63,1,0
BRDA:730,64,0,9
BRDA:730,64,1,0
BRDA:730,64,2,0
BRDA:730,64,3,0
BRDA:730,64,4,0
BRDA:730,64,5,0
BRDA:730,64,6,0
BRDA:730,64,7,0
BRDA:770,65,0,0
BRDA:770,66,0,9
BRDA:770,66,1,9
BRDA:775,67,0,0
BRDA:787,68,0,0
BRDA:790,69,0,0
BRDA:790,69,1,0
BRDA:797,70,0,0
BRDA:798,71,0,0
BRDA:816,72,0,0
BRDA:816,73,0,0
BRDA:816,73,1,0
BRDA:823,74,0,0
BRDA:823,75,0,0
BRDA:823,75,1,0
BRF:116
BRH:48
end_of_record
TN:
SF:src/sync/TaskMetadataStore.ts
FN:17,(anonymous_0)
FN:30,(anonymous_1)
FN:38,(anonymous_2)
FN:45,(anonymous_3)
FN:73,(anonymous_5)
FN:82,(anonymous_6)
FN:84,(anonymous_7)
FN:95,(anonymous_8)
FN:120,(anonymous_9)
FN:140,(anonymous_11)
FN:151,(anonymous_13)
FN:155,(anonymous_15)
FN:171,(anonymous_16)
FN:196,(anonymous_18)
FN:240,(anonymous_20)
FN:250,(anonymous_22)
FN:258,(anonymous_23)
FN:272,(anonymous_24)
FN:288,(anonymous_26)
FN:293,(anonymous_27)
FN:307,(anonymous_28)
FN:316,(anonymous_29)
FN:327,(anonymous_31)
FNF:23
FNH:21
FNDA:117,(anonymous_0)
FNDA:0,(anonymous_1)
FNDA:172,(anonymous_2)
FNDA:93,(anonymous_3)
FNDA:49,(anonymous_5)
FNDA:9,(anonymous_6)
FNDA:16,(anonymous_7)
FNDA:16,(anonymous_8)
FNDA:3,(anonymous_9)
FNDA:2,(anonymous_11)
FNDA:4,(anonymous_13)
FNDA:3,(anonymous_15)
FNDA:119,(anonymous_16)
FNDA:109,(anonymous_18)
FNDA:1,(anonymous_20)
FNDA:8,(anonymous_22)
FNDA:5,(anonymous_23)
FNDA:6,(anonymous_24)
FNDA:3,(anonymous_26)
FNDA:15,(anonymous_27)
FNDA:15,(anonymous_28)
FNDA:0,(anonymous_29)
FNDA:9,(anonymous_31)
DA:11,12
DA:12,117
DA:13,117
DA:18,117
DA:19,117
DA:22,117
DA:30,117
DA:31,0
DA:39,172
DA:46,93
DA:47,93
DA:55,93
DA:62,91
DA:66,91
DA:67,91
DA:74,49
DA:75,49
DA:76,49
DA:83,9
DA:84,9
DA:85,16
DA:86,15
DA:89,9
DA:96,16
DA:102,16
DA:103,1
DA:104,1
DA:109,1
DA:113,15
DA:114,15
DA:121,3
DA:122,3
DA:124,3
DA:125,2
DA:126,2
DA:127,2
DA:132,2
DA:133,2
DA:141,2
DA:142,2
DA:143,1
DA:144,1
DA:152,4
DA:153,4
DA:155,4
DA:156,3
DA:157,1
DA:158,1
DA:162,4
DA:163,1
DA:164,1
DA:172,119
DA:173,119
DA:174,119
DA:175,117
DA:181,117
DA:182,2
DA:183,2
DA:184,2
DA:186,115
DA:189,2
DA:197,109
DA:199,109
DA:207,109
DA:208,108
DA:214,108
DA:215,108
DA:217,108
DA:223,108
DA:224,107
DA:227,107
DA:228,107
DA:233,2
DA:241,1
DA:242,1
DA:243,1
DA:251,8
DA:259,5
DA:260,5
DA:261,16
DA:262,3
DA:265,2
DA:273,6
DA:274,8
DA:275,5
DA:276,5
DA:277,5
DA:278,5
DA:281,1
DA:289,3
DA:290,3
DA:291,3
DA:293,3
DA:294,15
DA:295,15
DA:296,4
DA:300,3
DA:308,15
DA:309,15
DA:317,0
DA:318,0
DA:319,0
DA:328,9
DA:329,9
DA:331,8
DA:334,8
DA:341,8
DA:345,8
DA:347,8
DA:348,8
DA:349,8
DA:352,1
LF:112
LH:108
BRDA:24,0,0,0
BRDA:24,0,1,117
BRDA:24,1,0,117
BRDA:24,1,1,117
BRDA:25,2,0,0
BRDA:25,2,1,117
BRDA:25,3,0,117
BRDA:25,3,1,117
BRDA:26,4,0,0
BRDA:26,4,1,117
BRDA:26,5,0,117
BRDA:26,5,1,117
BRDA:26,6,0,0
BRDA:26,6,1,117
BRDA:26,7,0,117
BRDA:26,7,1,117
BRDA:76,8,0,25
BRDA:76,8,1,24
BRDA:76,9,0,49
BRDA:76,9,1,49
BRDA:85,10,0,15
BRDA:103,11,0,1
BRDA:124,12,0,2
BRDA:142,13,0,1
BRDA:156,14,0,1
BRDA:162,15,0,1
BRDA:177,16,0,107
BRDA:177,16,1,10
BRDA:178,17,0,107
BRDA:178,17,1,10
BRDA:181,18,0,2
BRDA:181,18,1,115
BRDA:181,19,0,117
BRDA:181,19,1,107
BRDA:201,20,0,0
BRDA:201,20,1,109
BRDA:201,21,0,109
BRDA:201,21,1,109
BRDA:202,22,0,0
BRDA:202,22,1,109
BRDA:202,23,0,109
BRDA:202,23,1,109
BRDA:203,24,0,0
BRDA:203,24,1,109
BRDA:203,25,0,109
BRDA:203,25,1,109
BRDA:203,26,0,0
BRDA:203,26,1,109
BRDA:203,27,0,109
BRDA:203,27,1,109
BRDA:207,28,0,109
BRDA:207,28,1,0
BRDA:230,29,0,107
BRDA:230,29,1,0
BRDA:261,30,0,3
BRDA:261,31,0,16
BRDA:261,31,1,13
BRDA:274,32,0,5
BRDA:295,33,0,4
BRDA:295,34,0,15
BRDA:295,34,1,9
BRDA:317,35,0,0
BRDA:329,36,0,8
BRDA:342,37,0,8
BRDA:342,37,1,7
BRDA:343,38,0,8
BRDA:343,38,1,0
BRF:67
BRH:55
end_of_record
TN:
SF:src/sync/TodoSynchronizer.ts
FN:26,(anonymous_0)
FN:41,(anonymous_1)
FN:46,(anonymous_2)
FN:50,(anonymous_4)
FN:96,(anonymous_6)
FN:111,(anonymous_8)
FN:125,(anonymous_9)
FN:129,(anonymous_10)
FN:232,(anonymous_11)
FN:242,(anonymous_13)
FN:259,(anonymous_14)
FN:276,(anonymous_15)
FN:339,(anonymous_16)
FN:353,(anonymous_18)
FN:354,(anonymous_19)
FN:363,(anonymous_20)
FN:382,(anonymous_21)
FN:446,(anonymous_22)
FN:447,(anonymous_23)
FN:454,(anonymous_24)
FN:463,(anonymous_25)
FN:464,(anonymous_26)
FN:592,(anonymous_27)
FN:621,(anonymous_28)
FN:656,(anonymous_29)
FN:670,(anonymous_30)
FN:681,(anonymous_32)
FN:708,(anonymous_34)
FN:712,(anonymous_35)
FN:773,(anonymous_36)
FN:795,(anonymous_37)
FN:846,(anonymous_39)
FN:881,(anonymous_40)
FN:915,(anonymous_41)
FN:954,(anonymous_42)
FN:957,(anonymous_43)
FN:971,(anonymous_44)
FN:984,(anonymous_45)
FNF:38
FNH:33
FNDA:81,(anonymous_0)
FNDA:0,(anonymous_1)
FNDA:0,(anonymous_2)
FNDA:3,(anonymous_4)
FNDA:17,(anonymous_6)
FNDA:66,(anonymous_8)
FNDA:64,(anonymous_9)
FNDA:63,(anonymous_10)
FNDA:9,(anonymous_11)
FNDA:11,(anonymous_13)
FNDA:8,(anonymous_14)
FNDA:2,(anonymous_15)
FNDA:11,(anonymous_16)
FNDA:11,(anonymous_18)
FNDA:11,(anonymous_19)
FNDA:11,(anonymous_20)
FNDA:3,(anonymous_21)
FNDA:8,(anonymous_22)
FNDA:8,(anonymous_23)
FNDA:8,(anonymous_24)
FNDA:0,(anonymous_25)
FNDA:0,(anonymous_26)
FNDA:4,(anonymous_27)
FNDA:16,(anonymous_28)
FNDA:2,(anonymous_29)
FNDA:63,(anonymous_30)
FNDA:19,(anonymous_32)
FNDA:28,(anonymous_34)
FNDA:7,(anonymous_35)
FNDA:203,(anonymous_36)
FNDA:9,(anonymous_37)
FNDA:23,(anonymous_39)
FNDA:2,(anonymous_40)
FNDA:11,(anonymous_41)
FNDA:2,(anonymous_42)
FNDA:2,(anonymous_43)
FNDA:0,(anonymous_44)
FNDA:14,(anonymous_45)
DA:7,10
DA:19,10
DA:33,81
DA:34,81
DA:35,81
DA:36,81
DA:38,81
DA:42,0
DA:43,0
DA:47,0
DA:51,3
DA:52,3
DA:54,3
DA:56,3
DA:60,3
DA:63,3
DA:64,3
DA:65,3
DA:67,3
DA:79,3
DA:81,3
DA:82,3
DA:85,0
DA:91,0
DA:92,0
DA:97,17
DA:98,17
DA:99,17
DA:101,17
DA:103,17
DA:109,16
DA:111,66
DA:121,16
DA:124,16
DA:125,64
DA:127,16
DA:129,63
DA:138,16
DA:139,63
DA:142,63
DA:143,4
DA:147,4
DA:148,3
DA:151,4
DA:154,4
DA:155,4
DA:156,4
DA:157,4
DA:159,4
DA:170,59
DA:172,63
DA:175,63
DA:177,63
DA:180,63
DA:188,63
DA:195,62
DA:197,59
DA:198,59
DA:208,4
DA:209,4
DA:210,4
DA:218,16
DA:219,16
DA:222,1
DA:223,1
DA:224,1
DA:228,1
DA:233,9
DA:234,9
DA:235,9
DA:237,9
DA:239,9
DA:242,9
DA:243,11
DA:252,11
DA:253,11
DA:254,10
DA:257,8
DA:259,8
DA:268,8
DA:269,8
DA:270,0
DA:274,8
DA:275,8
DA:276,2
DA:280,8
DA:282,8
DA:283,1
DA:286,1
DA:288,7
DA:289,7
DA:306,7
DA:307,7
DA:308,7
DA:311,7
DA:312,7
DA:319,0
DA:320,0
DA:321,0
DA:328,8
DA:329,8
DA:332,1
DA:333,1
DA:334,1
DA:335,1
DA:340,11
DA:341,11
DA:342,11
DA:344,11
DA:345,11
DA:351,11
DA:353,11
DA:354,11
DA:363,11
DA:365,11
DA:368,11
DA:370,11
DA:371,11
DA:373,3
DA:374,3
DA:382,3
DA:383,3
DA:386,3
DA:388,0
DA:394,0
DA:395,0
DA:396,0
DA:404,0
DA:405,0
DA:410,0
DA:417,0
DA:419,0
DA:420,0
DA:421,0
DA:427,3
DA:442,8
DA:446,8
DA:447,8
DA:454,8
DA:455,8
DA:458,8
DA:459,0
DA:463,0
DA:464,0
DA:466,0
DA:469,8
DA:471,8
DA:479,8
DA:480,1
DA:487,1
DA:490,7
DA:491,7
DA:498,7
DA:500,7
DA:506,7
DA:512,7
DA:513,7
DA:519,0
DA:520,0
DA:521,0
DA:531,11
DA:532,11
DA:548,3
DA:549,3
DA:550,3
DA:551,0
DA:556,0
DA:559,3
DA:561,3
DA:563,2
DA:564,2
DA:565,0
DA:568,2
DA:569,2
DA:570,2
DA:576,0
DA:577,0
DA:581,11
DA:582,11
DA:585,0
DA:586,0
DA:587,0
DA:588,0
DA:593,4
DA:595,4
DA:597,5
DA:599,5
DA:600,5
DA:602,5
DA:604,7
DA:606,7
DA:607,5
DA:612,5
DA:617,4
DA:618,4
DA:623,16
DA:625,16
DA:626,66
DA:630,66
DA:631,4
DA:635,4
DA:636,3
DA:639,4
DA:643,4
DA:644,4
DA:645,4
DA:646,4
DA:648,62
DA:652,66
DA:653,66
DA:656,65
DA:657,2
DA:661,65
DA:662,64
DA:666,16
DA:671,63
DA:673,63
DA:674,63
DA:676,0
DA:677,0
DA:682,19
DA:683,19
DA:685,18
DA:686,71
DA:688,8
DA:689,8
DA:690,8
DA:691,7
DA:697,7
DA:699,1
DA:709,28
DA:714,7
DA:715,1
DA:720,6
DA:722,0
DA:723,6
DA:724,6
DA:726,0
DA:731,0
DA:735,6
DA:736,0
DA:739,6
DA:747,6
DA:748,6
DA:751,5
DA:752,0
DA:757,0
DA:760,5
DA:763,1
DA:769,1
DA:776,203
DA:779,203
DA:782,203
DA:785,203
DA:787,203
DA:788,203
DA:796,9
DA:798,9
DA:800,9
DA:803,7
DA:804,7
DA:805,7
DA:806,7
DA:807,7
DA:812,7
DA:815,7
DA:816,15
DA:817,2
DA:822,2
DA:827,7
DA:828,7
DA:829,7
DA:832,7
DA:838,7
DA:842,7
DA:845,7
DA:846,23
DA:847,13
DA:848,4
DA:853,7
DA:854,5
DA:855,9
DA:856,9
DA:858,9
DA:861,7
DA:868,7
DA:871,7
DA:877,7
DA:878,13
DA:880,2
DA:881,2
DA:884,2
DA:886,2
DA:888,2
DA:890,0
DA:897,0
DA:902,2
DA:908,2
DA:914,7
DA:915,11
DA:918,7
DA:920,0
DA:922,0
DA:923,0
DA:930,0
DA:937,7
DA:940,2
DA:946,2
DA:956,2
DA:957,2
DA:961,2
DA:963,0
DA:965,0
DA:969,0
DA:970,0
DA:971,0
DA:973,0
DA:974,0
DA:978,2
DA:986,14
DA:993,14
DA:994,14
DA:995,14
DA:997,14
DA:1000,14
DA:1001,14
DA:1006,0
DA:1007,0
DA:1008,0
DA:1009,0
DA:1017,0
LF:331
LH:268
BRDA:142,0,0,4
BRDA:142,0,1,59
BRDA:147,1,0,3
BRDA:204,2,0,2
BRDA:204,2,1,57
BRDA:208,3,0,4
BRDA:208,3,1,0
BRDA:222,4,0,1
BRDA:222,4,1,0
BRDA:225,5,0,1
BRDA:225,5,1,0
BRDA:226,6,0,1
BRDA:226,6,1,0
BRDA:243,7,0,0
BRDA:243,8,0,11
BRDA:243,8,1,11
BRDA:269,9,0,0
BRDA:282,10,0,1
BRDA:306,11,0,7
BRDA:319,12,0,0
BRDA:319,12,1,0
BRDA:332,13,0,1
BRDA:332,13,1,0
BRDA:371,14,0,3
BRDA:386,15,0,0
BRDA:386,16,0,3
BRDA:386,16,1,2
BRDA:386,16,2,0
BRDA:404,17,0,0
BRDA:419,18,0,0
BRDA:419,18,1,0
BRDA:455,19,0,8
BRDA:455,19,1,8
BRDA:458,20,0,0
BRDA:476,21,0,8
BRDA:476,21,1,8
BRDA:479,22,0,1
BRDA:479,23,0,8
BRDA:479,23,1,8
BRDA:485,24,0,0
BRDA:485,24,1,1
BRDA:519,25,0,0
BRDA:519,25,1,0
BRDA:525,26,0,0
BRDA:525,26,1,0
BRDA:532,27,0,8
BRDA:532,28,0,11
BRDA:532,28,1,3
BRDA:550,29,0,0
BRDA:561,30,0,1
BRDA:561,31,0,3
BRDA:561,31,1,3
BRDA:564,32,0,0
BRDA:576,33,0,0
BRDA:576,33,1,0
BRDA:585,34,0,0
BRDA:585,34,1,0
BRDA:597,35,0,0
BRDA:600,36,0,0
BRDA:606,37,0,5
BRDA:630,38,0,4
BRDA:630,38,1,62
BRDA:635,39,0,3
BRDA:653,40,0,1
BRDA:657,41,0,2
BRDA:657,41,1,1
BRDA:661,42,0,64
BRDA:683,43,0,1
BRDA:686,44,0,63
BRDA:714,45,0,1
BRDA:720,46,0,0
BRDA:720,46,1,6
BRDA:720,47,0,6
BRDA:720,47,1,0
BRDA:723,48,0,6
BRDA:723,48,1,0
BRDA:735,49,0,0
BRDA:751,50,0,0
BRDA:806,51,0,7
BRDA:816,52,0,2
BRDA:829,53,0,0
BRDA:847,54,0,4
BRDA:853,55,0,5
BRDA:858,56,0,7
BRDA:858,57,0,9
BRDA:858,57,1,7
BRDA:878,58,0,11
BRDA:884,59,0,2
BRDA:888,60,0,0
BRDA:888,60,1,2
BRDA:922,61,0,0
BRDA:963,62,0,0
BRDA:963,63,0,0
BRDA:963,63,1,0
BRDA:973,64,0,0
BRDA:995,65,0,14
BRDA:1000,66,0,14
BRDA:1008,67,0,0
BRF:98
BRH:57
end_of_record
TN:
SF:src/ui/AuthenticationModal.ts
FN:13,(anonymous_0)
FN:18,(anonymous_1)
FN:23,(anonymous_2)
FN:33,(anonymous_3)
FN:49,(anonymous_4)
FN:55,(anonymous_5)
FN:58,(anonymous_6)
FN:69,(anonymous_7)
FN:94,(anonymous_8)
FN:108,(anonymous_9)
FN:130,(anonymous_10)
FN:136,(anonymous_11)
FN:146,(anonymous_12)
FN:164,(anonymous_13)
FN:167,(anonymous_14)
FN:174,(anonymous_15)
FN:189,(anonymous_16)
FN:195,(anonymous_17)
FN:198,(anonymous_18)
FN:216,(anonymous_19)
FN:227,(anonymous_20)
FN:244,(anonymous_22)
FN:253,(anonymous_23)
FN:256,(anonymous_24)
FN:289,(anonymous_25)
FNF:25
FNH:9
FNDA:10,(anonymous_0)
FNDA:4,(anonymous_1)
FNDA:1,(anonymous_2)
FNDA:4,(anonymous_3)
FNDA:0,(anonymous_4)
FNDA:0,(anonymous_5)
FNDA:0,(anonymous_6)
FNDA:3,(anonymous_7)
FNDA:0,(anonymous_8)
FNDA:0,(anonymous_9)
FNDA:0,(anonymous_10)
FNDA:7,(anonymous_11)
FNDA:2,(anonymous_12)
FNDA:0,(anonymous_13)
FNDA:0,(anonymous_14)
FNDA:1,(anonymous_15)
FNDA:0,(anonymous_16)
FNDA:0,(anonymous_17)
FNDA:0,(anonymous_18)
FNDA:0,(anonymous_19)
FNDA:0,(anonymous_20)
FNDA:0,(anonymous_22)
FNDA:3,(anonymous_23)
FNDA:0,(anonymous_24)
FNDA:0,(anonymous_25)
DA:4,5
DA:6,5
DA:8,5
DA:10,10
DA:11,10
DA:14,10
DA:15,10
DA:19,4
DA:20,4
DA:24,1
DA:25,1
DA:28,1
DA:29,0
DA:34,4
DA:35,4
DA:37,4
DA:39,4
DA:43,4
DA:45,4
DA:49,4
DA:51,4
DA:55,4
DA:59,0
DA:60,0
DA:62,0
DA:63,0
DA:65,0
DA:66,0
DA:70,3
DA:71,3
DA:72,3
DA:74,3
DA:76,3
DA:78,3
DA:83,3
DA:84,3
DA:85,3
DA:90,3
DA:94,3
DA:97,3
DA:98,3
DA:99,3
DA:104,3
DA:108,3
DA:111,3
DA:112,3
DA:113,3
DA:114,3
DA:115,3
DA:118,3
DA:119,3
DA:122,3
DA:125,3
DA:126,3
DA:130,3
DA:131,0
DA:132,0
DA:137,7
DA:139,4
DA:141,4
DA:142,4
DA:143,4
DA:147,2
DA:148,2
DA:150,2
DA:152,2
DA:153,2
DA:155,2
DA:156,2
DA:157,2
DA:159,2
DA:160,2
DA:164,2
DA:167,2
DA:168,0
DA:169,0
DA:175,1
DA:176,1
DA:178,1
DA:180,1
DA:181,1
DA:183,1
DA:185,1
DA:189,1
DA:191,1
DA:195,1
DA:199,0
DA:201,0
DA:204,0
DA:205,0
DA:206,0
DA:207,0
DA:208,0
DA:211,0
DA:212,0
DA:213,0
DA:214,0
DA:216,0
DA:217,0
DA:221,0
DA:223,0
DA:228,0
DA:229,0
DA:232,0
DA:233,0
DA:234,0
DA:235,0
DA:236,0
DA:239,0
DA:240,0
DA:241,0
DA:242,0
DA:244,0
DA:245,0
DA:249,0
DA:254,3
DA:256,3
DA:257,0
DA:258,0
DA:259,0
DA:260,0
DA:263,0
DA:264,0
DA:267,0
DA:268,0
DA:269,0
DA:270,0
DA:272,0
DA:280,0
DA:281,0
DA:286,3
DA:290,0
LF:132
LH:78
BRDA:28,0,0,0
BRDA:137,1,0,3
BRDA:168,2,0,0
BRDA:212,3,0,0
BRDA:212,4,0,0
BRDA:212,4,1,0
BRDA:214,5,0,0
BRDA:214,5,1,0
BRDA:214,6,0,0
BRDA:214,6,1,0
BRDA:240,7,0,0
BRDA:240,8,0,0
BRDA:240,8,1,0
BRDA:242,9,0,0
BRDA:242,9,1,0
BRDA:242,10,0,0
BRDA:242,10,1,0
BRDA:258,11,0,0
BRDA:264,12,0,0
BRDA:264,12,1,0
BRDA:267,13,0,0
BRDA:269,14,0,0
BRDA:269,14,1,0
BRDA:280,15,0,0
BRDA:280,16,0,0
BRDA:280,16,1,0
BRF:26
BRH:1
end_of_record
TN:
SF:src/ui/SidebarButton.ts
FN:17,(anonymous_0)
FN:23,(anonymous_1)
FN:53,(anonymous_2)
FN:62,(anonymous_3)
FN:68,(anonymous_4)
FN:74,(anonymous_5)
FN:96,(anonymous_6)
FN:209,(anonymous_7)
FNF:8
FNH:5
FNDA:27,(anonymous_0)
FNDA:0,(anonymous_1)
FNDA:0,(anonymous_2)
FNDA:8,(anonymous_3)
FNDA:5,(anonymous_4)
FNDA:2,(anonymous_5)
FNDA:13,(anonymous_6)
FNDA:0,(anonymous_7)
DA:4,5
DA:6,5
DA:8,5
DA:12,27
DA:13,27
DA:14,27
DA:15,27
DA:18,27
DA:19,27
DA:20,27
DA:25,0
DA:30,0
DA:36,0
DA:39,0
DA:42,0
DA:48,0
DA:53,0
DA:56,0
DA:58,0
DA:59,0
DA:63,8
DA:64,8
DA:65,8
DA:69,5
DA:70,5
DA:71,5
DA:75,2
DA:76,1
DA:80,1
DA:83,1
DA:84,0
DA:85,0
DA:88,1
DA:93,1
DA:97,13
DA:100,0
DA:101,0
DA:102,0
DA:104,0
DA:105,0
DA:106,0
DA:108,0
DA:110,0
DA:111,0
DA:112,0
DA:114,0
DA:115,0
DA:116,0
DA:118,0
DA:119,0
DA:120,0
DA:122,0
DA:128,0
DA:129,0
DA:130,0
DA:132,0
DA:133,0
DA:135,0
DA:137,0
DA:138,0
DA:139,0
DA:141,0
DA:142,0
DA:143,0
DA:145,0
DA:146,0
DA:147,0
DA:149,0
DA:150,0
DA:156,0
DA:158,0
DA:159,0
DA:164,0
DA:165,0
DA:167,0
DA:169,0
DA:170,0
DA:171,0
DA:173,0
DA:174,0
DA:175,0
DA:177,0
DA:178,0
DA:179,0
DA:180,0
DA:181,0
DA:183,0
DA:185,0
DA:186,0
DA:187,0
DA:190,0
DA:197,0
DA:198,0
DA:199,0
DA:202,0
DA:210,0
DA:211,0
DA:212,0
DA:213,0
DA:215,0
LF:100
LH:23
BRDA:75,0,0,1
BRDA:83,1,0,0
BRDA:97,2,0,13
BRDA:97,3,0,13
BRDA:97,3,1,0
BRDA:101,4,0,0
BRDA:104,5,0,0
BRDA:104,5,1,0
BRDA:108,6,0,0
BRDA:108,6,1,0
BRDA:108,6,2,0
BRDA:108,6,3,0
BRDA:119,7,0,0
BRDA:119,7,1,0
BRDA:129,8,0,0
BRDA:132,9,0,0
BRDA:132,9,1,0
BRDA:135,10,0,0
BRDA:135,10,1,0
BRDA:135,10,2,0
BRDA:135,10,3,0
BRDA:158,11,0,0
BRDA:158,11,1,0
BRDA:167,12,0,0
BRDA:167,12,1,0
BRDA:167,12,2,0
BRDA:167,12,3,0
BRDA:179,13,0,0
BRDA:185,14,0,0
BRDA:185,14,1,0
BRDA:197,15,0,0
BRDA:210,16,0,0
BRF:32
BRH:3
end_of_record
TN:
SF:src/ui/TodoIntegratorSettingsTab.ts
FN:12,(anonymous_0)
FN:18,(anonymous_1)
FN:40,(anonymous_2)
FN:47,(anonymous_3)
FN:49,(anonymous_4)
FN:49,(anonymous_5)
FN:71,(anonymous_6)
FN:73,(anonymous_7)
FN:73,(anonymous_8)
FN:83,(anonymous_9)
FN:115,(anonymous_10)
FN:118,(anonymous_11)
FN:118,(anonymous_12)
FN:125,(anonymous_13)
FN:128,(anonymous_14)
FN:128,(anonymous_15)
FN:133,(anonymous_16)
FN:139,(anonymous_17)
FN:142,(anonymous_18)
FN:142,(anonymous_19)
FN:149,(anonymous_20)
FN:151,(anonymous_21)
FN:151,(anonymous_22)
FN:158,(anonymous_23)
FN:162,(anonymous_24)
FN:162,(anonymous_25)
FN:170,(anonymous_26)
FN:173,(anonymous_27)
FN:178,(anonymous_28)
FN:193,(anonymous_29)
FN:196,(anonymous_30)
FN:196,(anonymous_31)
FN:200,(anonymous_32)
FN:203,(anonymous_33)
FN:203,(anonymous_34)
FN:220,(anonymous_35)
FN:223,(anonymous_36)
FN:223,(anonymous_37)
FN:235,(anonymous_38)
FN:240,(anonymous_39)
FN:240,(anonymous_40)
FN:244,(anonymous_41)
FN:247,(anonymous_42)
FN:248,(anonymous_43)
FN:248,(anonymous_44)
FN:264,(anonymous_45)
FN:267,(anonymous_46)
FN:267,(anonymous_47)
FN:275,(anonymous_48)
FN:277,(anonymous_49)
FN:277,(anonymous_50)
FN:289,(anonymous_51)
FN:295,(anonymous_52)
FN:301,(anonymous_53)
FN:301,(anonymous_54)
FN:309,(anonymous_55)
FN:311,(anonymous_56)
FN:316,(anonymous_57)
FN:350,(anonymous_58)
FN:378,(anonymous_59)
FN:399,(anonymous_61)
FN:420,(anonymous_63)
FN:435,(anonymous_65)
FN:441,(anonymous_66)
FN:459,(anonymous_67)
FN:495,(anonymous_68)
FN:505,(anonymous_69)
FN:518,(anonymous_70)
FN:524,(anonymous_71)
FN:544,(anonymous_72)
FN:554,(anonymous_73)
FN:559,(anonymous_74)
FN:563,(anonymous_75)
FN:574,(anonymous_76)
FN:577,(anonymous_77)
FNF:75
FNH:1
FNDA:20,(anonymous_0)
FNDA:0,(anonymous_1)
FNDA:0,(anonymous_2)
FNDA:0,(anonymous_3)
FNDA:0,(anonymous_4)
FNDA:0,(anonymous_5)
FNDA:0,(anonymous_6)
FNDA:0,(anonymous_7)
FNDA:0,(anonymous_8)
FNDA:0,(anonymous_9)
FNDA:0,(anonymous_10)
FNDA:0,(anonymous_11)
FNDA:0,(anonymous_12)
FNDA:0,(anonymous_13)
FNDA:0,(anonymous_14)
FNDA:0,(anonymous_15)
FNDA:0,(anonymous_16)
FNDA:0,(anonymous_17)
FNDA:0,(anonymous_18)
FNDA:0,(anonymous_19)
FNDA:0,(anonymous_20)
FNDA:0,(anonymous_21)
FNDA:0,(anonymous_22)
FNDA:0,(anonymous_23)
FNDA:0,(anonymous_24)
FNDA:0,(anonymous_25)
FNDA:0,(anonymous_26)
FNDA:0,(anonymous_27)
FNDA:0,(anonymous_28)
FNDA:0,(anonymous_29)
FNDA:0,(anonymous_30)
FNDA:0,(anonymous_31)
FNDA:0,(anonymous_32)
FNDA:0,(anonymous_33)
FNDA:0,(anonymous_34)
FNDA:0,(anonymous_35)
FNDA:0,(anonymous_36)
FNDA:0,(anonymous_37)
FNDA:0,(anonymous_38)
FNDA:0,(anonymous_39)
FNDA:0,(anonymous_40)
FNDA:0,(anonymous_41)
FNDA:0,(anonymous_42)
FNDA:0,(anonymous_43)
FNDA:0,(anonymous_44)
FNDA:0,(anonymous_45)
FNDA:0,(anonymous_46)
FNDA:0,(anonymous_47)
FNDA:0,(anonymous_48)
FNDA:0,(anonymous_49)
FNDA:0,(anonymous_50)
FNDA:0,(anonymous_51)
FNDA:0,(anonymous_52)
FNDA:0,(anonymous_53)
FNDA:0,(anonymous_54)
FNDA:0,(anonymous_55)
FNDA:0,(anonymous_56)
FNDA:0,(anonymous_57)
FNDA:0,(anonymous_58)
FNDA:0,(anonymous_59)
FNDA:0,(anonymous_61)
FNDA:0,(anonymous_63)
FNDA:0,(anonymous_65)
FNDA:0,(anonymous_66)
FNDA:0,(anonymous_67)
FNDA:0,(anonymous_68)
FNDA:0,(anonymous_69)
FNDA:0,(anonymous_70)
FNDA:0,(anonymous_71)
FNDA:0,(anonymous_72)
FNDA:0,(anonymous_73)
FNDA:0,(anonymous_74)
FNDA:0,(anonymous_75)
FNDA:0,(anonymous_76)
FNDA:0,(anonymous_77)
DA:3,4
DA:5,4
DA:6,4
DA:8,4
DA:13,20
DA:14,20
DA:15,20
DA:19,0
DA:20,0
DA:22,0
DA:25,0
DA:28,0
DA:31,0
DA:34,0
DA:37,0
DA:41,0
DA:44,0
DA:47,0
DA:49,0
DA:50,0
DA:51,0
DA:55,0
DA:56,0
DA:59,0
DA:60,0
DA:66,0
DA:68,0
DA:71,0
DA:73,0
DA:74,0
DA:75,0
DA:77,0
DA:79,0
DA:85,0
DA:86,0
DA:87,0
DA:88,0
DA:89,0
DA:90,0
DA:91,0
DA:92,0
DA:93,0
DA:97,0
DA:99,0
DA:100,0
DA:104,0
DA:105,0
DA:106,0
DA:107,0
DA:108,0
DA:109,0
DA:110,0
DA:112,0
DA:115,0
DA:118,0
DA:119,0
DA:122,0
DA:125,0
DA:128,0
DA:129,0
DA:134,0
DA:136,0
DA:139,0
DA:142,0
DA:143,0
DA:146,0
DA:149,0
DA:151,0
DA:152,0
DA:155,0
DA:158,0
DA:162,0
DA:163,0
DA:167,0
DA:170,0
DA:174,0
DA:179,0
DA:182,0
DA:183,0
DA:188,0
DA:190,0
DA:193,0
DA:196,0
DA:197,0
DA:198,0
DA:200,0
DA:203,0
DA:204,0
DA:205,0
DA:209,0
DA:210,0
DA:211,0
DA:215,0
DA:217,0
DA:220,0
DA:223,0
DA:224,0
DA:225,0
DA:229,0
DA:232,0
DA:236,0
DA:237,0
DA:240,0
DA:241,0
DA:244,0
DA:248,0
DA:249,0
DA:251,0
DA:256,0
DA:257,0
DA:261,0
DA:264,0
DA:267,0
DA:268,0
DA:272,0
DA:275,0
DA:277,0
DA:279,0
DA:280,0
DA:281,0
DA:284,0
DA:285,0
DA:290,0
DA:292,0
DA:295,0
DA:301,0
DA:302,0
DA:306,0
DA:309,0
DA:312,0
DA:317,0
DA:319,0
DA:322,0
DA:323,0
DA:324,0
DA:328,0
DA:334,0
DA:339,0
DA:340,0
DA:345,0
DA:351,0
DA:353,0
DA:354,0
DA:357,0
DA:359,0
DA:360,0
DA:362,0
DA:363,0
DA:364,0
DA:365,0
DA:366,0
DA:367,0
DA:368,0
DA:371,0
DA:379,0
DA:381,0
DA:382,0
DA:383,0
DA:386,0
DA:387,0
DA:389,0
DA:390,0
DA:393,0
DA:400,0
DA:402,0
DA:403,0
DA:404,0
DA:407,0
DA:408,0
DA:410,0
DA:411,0
DA:414,0
DA:421,0
DA:423,0
DA:424,0
DA:425,0
DA:428,0
DA:430,0
DA:431,0
DA:435,0
DA:442,0
DA:446,0
DA:447,0
DA:448,0
DA:451,0
DA:452,0
DA:460,0
DA:462,0
DA:468,0
DA:469,0
DA:470,0
DA:471,0
DA:473,0
DA:475,0
DA:476,0
DA:477,0
DA:478,0
DA:480,0
DA:481,0
DA:482,0
DA:483,0
DA:485,0
DA:486,0
DA:487,0
DA:488,0
DA:496,0
DA:497,0
DA:498,0
DA:506,0
DA:507,0
DA:519,0
DA:520,0
DA:521,0
DA:525,0
DA:526,0
DA:528,0
DA:530,0
DA:531,0
DA:535,0
DA:538,0
DA:539,0
DA:540,0
DA:541,0
DA:542,0
DA:544,0
DA:545,0
DA:550,0
DA:551,0
DA:552,0
DA:554,0
DA:555,0
DA:556,0
DA:559,0
DA:560,0
DA:563,0
DA:564,0
DA:569,0
DA:570,0
DA:571,0
DA:573,0
DA:574,0
DA:578,0
DA:579,0
LF:243
LH:7
BRDA:55,0,0,0
BRDA:55,0,1,0
BRDA:70,1,0,0
BRDA:70,1,1,0
BRDA:72,2,0,0
BRDA:72,2,1,0
BRDA:74,3,0,0
BRDA:74,3,1,0
BRDA:129,4,0,0
BRDA:129,4,1,0
BRDA:143,5,0,0
BRDA:143,5,1,0
BRDA:188,6,0,0
BRDA:188,6,1,0
BRDA:197,7,0,0
BRDA:197,7,1,0
BRDA:210,8,0,0
BRDA:215,9,0,0
BRDA:215,9,1,0
BRDA:224,10,0,0
BRDA:224,10,1,0
BRDA:229,11,0,0
BRDA:229,11,1,0
BRDA:239,12,0,0
BRDA:239,12,1,0
BRDA:241,13,0,0
BRDA:241,13,1,0
BRDA:256,14,0,0
BRDA:268,15,0,0
BRDA:268,15,1,0
BRDA:322,16,0,0
BRDA:322,16,1,0
BRDA:341,17,0,0
BRDA:341,17,1,0
BRDA:346,18,0,0
BRDA:346,18,1,0
BRDA:357,19,0,0
BRDA:357,19,1,0
BRDA:381,20,0,0
BRDA:389,21,0,0
BRDA:402,22,0,0
BRDA:407,23,0,0
BRDA:407,23,1,0
BRDA:410,24,0,0
BRDA:423,25,0,0
BRDA:430,26,0,0
BRDA:442,27,0,0
BRDA:442,27,1,0
BRDA:446,28,0,0
BRDA:451,29,0,0
BRDA:473,30,0,0
BRDA:473,30,1,0
BRDA:473,30,2,0
BRDA:497,31,0,0
BRDA:530,32,0,0
BRF:55
BRH:0
end_of_record
TN:
SF:src/utils/DailyNotesDetector.ts
FN:17,(anonymous_0)
FN:26,(anonymous_1)
FN:75,(anonymous_3)
FN:89,(anonymous_4)
FN:106,(anonymous_5)
FNF:5
FNH:5
FNDA:15,(anonymous_0)
FNDA:8,(anonymous_1)
FNDA:4,(anonymous_3)
FNDA:1,(anonymous_4)
FNDA:1,(anonymous_5)
DA:13,2
DA:18,15
DA:19,15
DA:27,8
DA:33,8
DA:35,8
DA:36,8
DA:38,7
DA:39,2
DA:40,2
DA:44,5
DA:45,5
DA:46,4
DA:48,4
DA:54,4
DA:60,4
DA:63,1
DA:64,1
DA:67,1
DA:68,1
DA:76,4
DA:77,4
DA:78,4
DA:79,3
DA:81,1
DA:82,1
DA:91,1
DA:100,1
DA:107,1
LF:29
LH:29
BRDA:36,0,0,0
BRDA:36,0,1,8
BRDA:36,1,0,8
BRDA:36,1,1,8
BRDA:38,2,0,2
BRDA:38,3,0,7
BRDA:38,3,1,6
BRDA:45,4,0,4
BRDA:45,5,0,5
BRDA:45,5,1,4
BRDA:49,6,0,4
BRDA:49,6,1,0
BRDA:50,7,0,4
BRDA:50,7,1,1
BRDA:51,8,0,4
BRDA:51,8,1,3
BRDA:57,9,0,4
BRDA:57,9,1,3
BRDA:78,10,0,0
BRDA:78,10,1,4
BRDA:78,11,0,4
BRDA:78,11,1,4
BRDA:79,12,0,3
BRDA:79,12,1,2
BRDA:79,13,0,1
BRDA:79,13,1,2
BRDA:79,14,0,3
BRDA:79,14,1,2
BRF:28
BRH:25
end_of_record
TN:
SF:src/utils/DataViewCompat.ts
FN:14,(anonymous_0)
FN:23,(anonymous_1)
FN:47,(anonymous_2)
FN:77,(anonymous_4)
FN:94,(anonymous_5)
FN:103,(anonymous_6)
FN:131,(anonymous_7)
FN:138,(anonymous_8)
FNF:8
FNH:8
FNDA:61,(anonymous_0)
FNDA:61,(anonymous_1)
FNDA:14,(anonymous_2)
FNDA:7,(anonymous_4)
FNDA:4,(anonymous_5)
FNDA:12,(anonymous_6)
FNDA:9,(anonymous_7)
FNDA:2,(anonymous_8)
DA:8,7
DA:11,61
DA:12,61
DA:15,61
DA:16,61
DA:17,61
DA:24,61
DA:26,61
DA:28,60
DA:29,13
DA:30,13
DA:35,13
DA:37,47
DA:40,1
DA:48,14
DA:49,14
DA:50,14
DA:53,14
DA:54,14
DA:55,14
DA:62,14
DA:68,0
DA:79,7
DA:80,4
DA:84,3
DA:88,3
DA:95,4
DA:105,12
DA:106,12
DA:107,3
DA:111,9
DA:112,9
DA:113,9
DA:114,9
DA:115,3
DA:120,6
DA:121,6
DA:122,3
DA:125,3
DA:132,9
DA:139,2
DA:140,1
LF:42
LH:41
BRDA:26,0,0,43
BRDA:26,0,1,17
BRDA:26,1,0,61
BRDA:26,1,1,60
BRDA:26,2,0,43
BRDA:26,2,1,17
BRDA:26,3,0,61
BRDA:26,3,1,60
BRDA:28,4,0,13
BRDA:28,4,1,47
BRDA:28,5,0,60
BRDA:28,5,1,13
BRDA:49,6,0,0
BRDA:49,6,1,14
BRDA:49,7,0,14
BRDA:49,7,1,14
BRDA:49,8,0,0
BRDA:49,8,1,14
BRDA:49,9,0,14
BRDA:49,9,1,14
BRDA:50,10,0,0
BRDA:54,11,0,14
BRDA:79,12,0,4
BRDA:79,13,0,7
BRDA:79,13,1,4
BRDA:79,14,0,0
BRDA:79,14,1,4
BRDA:79,15,0,4
BRDA:79,15,1,4
BRDA:84,16,0,3
BRDA:84,16,1,0
BRDA:95,17,0,4
BRDA:95,17,1,2
BRDA:96,18,0,0
BRDA:96,18,1,2
BRDA:96,19,0,2
BRDA:96,19,1,2
BRDA:106,20,0,3
BRDA:111,21,0,9
BRDA:111,22,0,0
BRDA:111,22,1,9
BRDA:111,23,0,9
BRDA:111,23,1,9
BRDA:114,24,0,3
BRDA:121,25,0,3
BRDA:139,26,0,1
BRF:46
BRH:39
end_of_record
TN:
SF:src/utils/ErrorHandler.ts
FN:9,(anonymous_0)
FN:13,(anonymous_1)
FN:44,(anonymous_2)
FN:50,(anonymous_3)
FN:67,(anonymous_4)
FN:93,(anonymous_5)
FN:110,(anonymous_6)
FN:114,(anonymous_7)
FNF:8
FNH:7
FNDA:58,(anonymous_0)
FNDA:9,(anonymous_1)
FNDA:1,(anonymous_2)
FNDA:4,(anonymous_3)
FNDA:2,(anonymous_4)
FNDA:2,(anonymous_5)
FNDA:20,(anonymous_6)
FNDA:0,(anonymous_7)
DA:6,6
DA:10,58
DA:14,9
DA:16,9
DA:17,6
DA:19,1
DA:20,1
DA:22,1
DA:23,1
DA:25,1
DA:26,1
DA:28,1
DA:29,1
DA:31,1
DA:32,1
DA:34,1
DA:36,3
DA:37,1
DA:40,9
DA:41,9
DA:45,1
DA:46,1
DA:47,1
DA:51,4
DA:53,4
DA:54,3
DA:55,1
DA:56,2
DA:57,1
DA:59,1
DA:63,4
DA:64,4
DA:68,2
DA:70,2
DA:71,2
DA:73,1
DA:74,1
DA:75,0
DA:76,0
DA:77,0
DA:78,0
DA:80,0
DA:82,1
DA:83,0
DA:85,1
DA:89,2
DA:90,2
DA:94,2
DA:96,2
DA:97,2
DA:98,1
DA:99,1
DA:100,1
DA:102,0
DA:106,2
DA:107,2
DA:111,20
DA:115,0
LF:58
LH:50
BRDA:16,0,0,6
BRDA:16,0,1,3
BRDA:16,1,0,3
BRDA:16,1,1,6
BRDA:16,2,0,9
BRDA:16,2,1,9
BRDA:16,3,0,1
BRDA:16,3,1,8
BRDA:16,4,0,9
BRDA:16,4,1,8
BRDA:17,5,0,1
BRDA:17,5,1,1
BRDA:17,5,2,1
BRDA:17,5,3,1
BRDA:17,5,4,1
BRDA:17,5,5,1
BRDA:36,6,0,1
BRDA:36,7,0,1
BRDA:36,7,1,2
BRDA:36,8,0,3
BRDA:36,8,1,2
BRDA:53,9,0,3
BRDA:53,10,0,0
BRDA:53,10,1,4
BRDA:53,11,0,4
BRDA:53,11,1,4
BRDA:54,12,0,1
BRDA:54,12,1,2
BRDA:56,13,0,1
BRDA:56,13,1,1
BRDA:70,14,0,2
BRDA:70,15,0,0
BRDA:70,15,1,2
BRDA:70,16,0,2
BRDA:70,16,1,2
BRDA:71,17,0,1
BRDA:71,17,1,1
BRDA:73,18,0,1
BRDA:73,18,1,0
BRDA:75,19,0,0
BRDA:75,19,1,0
BRDA:77,20,0,0
BRDA:77,20,1,0
BRDA:82,21,0,0
BRDA:82,21,1,1
BRDA:96,22,0,2
BRDA:96,23,0,0
BRDA:96,23,1,2
BRDA:96,24,0,2
BRDA:96,24,1,2
BRDA:97,25,0,1
BRDA:97,25,1,1
BRDA:99,26,0,1
BRDA:99,26,1,0
BRF:54
BRH:44
end_of_record
TN:
SF:src/utils/SimpleLogger.ts
FN:11,(anonymous_0)
FN:15,(anonymous_1)
FN:19,(anonymous_2)
FN:23,(anonymous_3)
FN:27,(anonymous_4)
FN:31,(anonymous_5)
FN:35,(anonymous_6)
FN:91,(anonymous_7)
FN:97,(anonymous_8)
FN:113,(anonymous_9)
FN:115,(anonymous_10)
FN:121,(anonymous_11)
FN:125,(anonymous_12)
FN:132,(anonymous_13)
FN:145,(anonymous_14)
FN:172,(anonymous_15)
FNF:16
FNH:16
FNDA:121,(anonymous_0)
FNDA:3,(anonymous_1)
FNDA:145,(anonymous_2)
FNDA:10359,(anonymous_3)
FNDA:1,(anonymous_4)
FNDA:6,(anonymous_5)
FNDA:10511,(anonymous_6)
FNDA:10364,(anonymous_7)
FNDA:10364,(anonymous_8)
FNDA:2,(anonymous_9)
FNDA:2,(anonymous_10)
FNDA:1,(anonymous_11)
FNDA:12,(anonymous_12)
FNDA:10263,(anonymous_13)
FNDA:10368,(anonymous_14)
FNDA:8,(anonymous_15)
DA:4,11
DA:6,11
DA:7,121
DA:8,121
DA:9,121
DA:12,121
DA:16,3
DA:20,145
DA:24,10359
DA:28,1
DA:32,6
DA:36,10511
DA:37,10511
DA:40,10511
DA:41,147
DA:44,10364
DA:45,10364
DA:53,10364
DA:56,10364
DA:59,10364
DA:61,0
DA:62,0
DA:64,0
DA:66,0
DA:68,10357
DA:69,3
DA:71,10354
DA:73,10357
DA:75,1
DA:76,0
DA:78,1
DA:80,1
DA:82,6
DA:83,3
DA:85,3
DA:87,6
DA:92,10364
DA:93,10364
DA:94,10364
DA:99,10364
DA:105,10364
DA:108,10364
DA:109,50
DA:115,2
DA:122,1
DA:126,12
DA:127,12
DA:130,12
DA:131,111
DA:132,111
DA:133,10263
DA:134,10263
DA:136,111
DA:139,12
DA:146,10368
DA:147,0
DA:150,10368
DA:173,8
DA:174,0
DA:177,8
DA:180,8
DA:181,8
DA:182,8
DA:185,8
DA:186,1
DA:187,7
DA:188,4
DA:189,3
DA:190,2
DA:195,8
LF:70
LH:63
BRDA:11,0,0,0
BRDA:40,1,0,147
BRDA:59,2,0,0
BRDA:59,2,1,10357
BRDA:59,2,2,1
BRDA:59,2,3,6
BRDA:61,3,0,0
BRDA:61,3,1,0
BRDA:68,4,0,3
BRDA:68,4,1,10354
BRDA:75,5,0,0
BRDA:75,5,1,1
BRDA:82,6,0,3
BRDA:82,6,1,3
BRDA:102,7,0,6
BRDA:102,7,1,10358
BRDA:108,8,0,50
BRDA:117,9,0,2
BRDA:117,9,1,0
BRDA:133,10,0,2
BRDA:133,10,1,10261
BRDA:146,11,0,0
BRDA:173,12,0,0
BRDA:173,13,0,8
BRDA:173,13,1,8
BRDA:181,14,0,8
BRDA:185,15,0,1
BRDA:185,15,1,7
BRDA:187,16,0,4
BRDA:187,16,1,3
BRDA:189,17,0,2
BRDA:189,18,0,3
BRDA:189,18,1,2
BRF:33
BRH:25
end_of_record
TN:
SF:src/utils/inputSanitizer.ts
FN:3,(anonymous_0)
FN:12,(anonymous_1)
FN:31,(anonymous_2)
FN:48,(anonymous_3)
FN:74,(anonymous_4)
FN:96,(anonymous_5)
FN:113,(anonymous_6)
FNF:7
FNH:7
FNDA:3,(anonymous_0)
FNDA:20,(anonymous_1)
FNDA:11,(anonymous_2)
FNDA:14,(anonymous_3)
FNDA:11,(anonymous_4)
FNDA:8,(anonymous_5)
FNDA:12,(anonymous_6)
DA:2,1
DA:4,3
DA:13,20
DA:14,4
DA:17,16
DA:32,11
DA:33,3
DA:37,8
DA:49,14
DA:50,3
DA:54,11
DA:57,11
DA:58,5
DA:62,6
DA:63,0
DA:66,6
DA:75,11
DA:76,3
DA:79,8
DA:80,8
DA:82,7
DA:83,3
DA:85,4
DA:87,4
DA:97,8
DA:98,3
DA:102,5
DA:103,5
DA:114,12
DA:115,3
DA:118,9
DA:119,2
DA:122,7
LF:33
LH:32
BRDA:13,0,0,4
BRDA:13,1,0,20
BRDA:13,1,1,17
BRDA:32,2,0,3
BRDA:32,3,0,11
BRDA:32,3,1,8
BRDA:49,4,0,3
BRDA:49,5,0,14
BRDA:49,5,1,11
BRDA:57,6,0,5
BRDA:57,7,0,11
BRDA:57,7,1,8
BRDA:62,8,0,0
BRDA:75,9,0,3
BRDA:75,10,0,11
BRDA:75,10,1,8
BRDA:82,11,0,3
BRDA:87,12,0,3
BRDA:87,12,1,1
BRDA:97,13,0,3
BRDA:97,14,0,8
BRDA:97,14,1,5
BRDA:102,15,0,1
BRDA:102,15,1,4
BRDA:113,16,0,0
BRDA:113,17,0,8
BRDA:114,18,0,3
BRDA:114,19,0,12
BRDA:114,19,1,8
BRDA:114,19,2,7
BRDA:118,20,0,2
BRDA:118,21,0,9
BRDA:118,21,1,6
BRDA:122,22,0,7
BRDA:122,22,1,3
BRF:35
BRH:33
end_of_record
TN:
SF:src/utils/pathValidation.ts
FN:14,(anonymous_0)
FN:21,(anonymous_1)
FN:54,(anonymous_2)
FN:93,(anonymous_3)
FN:121,(anonymous_5)
FN:146,(anonymous_6)
FN:149,(anonymous_7)
FN:155,(anonymous_8)
FN:164,(anonymous_9)
FN:165,(anonymous_10)
FN:177,(anonymous_11)
FN:179,(anonymous_12)
FN:186,(anonymous_13)
FN:193,(anonymous_14)
FNF:14
FNH:12
FNDA:37,(anonymous_0)
FNDA:6,(anonymous_1)
FNDA:6,(anonymous_2)
FNDA:3,(anonymous_3)
FNDA:11,(anonymous_5)
FNDA:1,(anonymous_6)
FNDA:0,(anonymous_7)
FNDA:0,(anonymous_8)
FNDA:3,(anonymous_9)
FNDA:3,(anonymous_10)
FNDA:1,(anonymous_11)
FNDA:3,(anonymous_12)
FNDA:7,(anonymous_13)
FNDA:3,(anonymous_14)
DA:3,5
DA:11,5
DA:15,37
DA:22,6
DA:23,2
DA:29,4
DA:32,4
DA:34,4
DA:35,1
DA:41,3
DA:42,1
DA:48,2
DA:55,6
DA:57,2
DA:60,4
DA:63,4
DA:65,4
DA:66,1
DA:72,3
DA:73,1
DA:80,2
DA:81,1
DA:87,1
DA:94,3
DA:96,3
DA:98,3
DA:99,3
DA:100,1
DA:104,2
DA:105,1
DA:110,1
DA:122,11
DA:125,11
DA:128,11
DA:131,11
DA:132,0
DA:136,11
DA:137,0
DA:140,11
DA:147,1
DA:149,1
DA:150,0
DA:151,0
DA:152,0
DA:155,0
DA:156,0
DA:157,0
DA:163,1
DA:164,3
DA:166,3
DA:167,3
DA:171,1
DA:178,1
DA:179,3
DA:187,7
DA:194,3
LF:56
LH:48
BRDA:22,0,0,2
BRDA:22,1,0,6
BRDA:22,1,1,5
BRDA:34,2,0,1
BRDA:41,3,0,1
BRDA:55,4,0,2
BRDA:55,5,0,6
BRDA:55,5,1,5
BRDA:65,6,0,1
BRDA:72,7,0,1
BRDA:80,8,0,1
BRDA:99,9,0,1
BRDA:99,10,0,3
BRDA:99,10,1,1
BRDA:112,11,0,1
BRDA:112,11,1,0
BRDA:122,12,0,0
BRDA:128,13,0,0
BRDA:131,14,0,0
BRDA:131,15,0,11
BRDA:131,15,1,11
BRDA:136,16,0,0
BRDA:149,17,0,0
BRDA:150,18,0,0
BRDA:150,18,1,0
BRDA:151,19,0,0
BRDA:151,20,0,0
BRDA:151,20,1,0
BRDA:156,21,0,0
BRDA:166,22,0,3
BRDA:187,23,0,7
BRDA:187,23,1,7
BRDA:187,23,2,7
BRDA:187,23,3,6
BRDA:194,24,0,3
BRDA:194,24,1,3
BRDA:194,24,2,3
BRDA:194,24,3,3
BRF:38
BRH:26
end_of_record
TN:
SF:src/utils/secureErrorHandler.ts
FN:13,(anonymous_0)
FN:20,(anonymous_1)
FN:43,(anonymous_2)
FN:65,(anonymous_3)
FN:88,(anonymous_4)
FN:110,(anonymous_5)
FN:132,(anonymous_6)
FN:155,(anonymous_7)
FNF:8
FNH:8
FNDA:38,(anonymous_0)
FNDA:4,(anonymous_1)
FNDA:2,(anonymous_2)
FNDA:3,(anonymous_3)
FNDA:2,(anonymous_4)
FNDA:2,(anonymous_5)
FNDA:2,(anonymous_6)
FNDA:4,(anonymous_7)
DA:10,7
DA:14,38
DA:21,4
DA:22,4
DA:25,4
DA:33,4
DA:44,2
DA:45,2
DA:48,2
DA:55,2
DA:66,3
DA:67,3
DA:70,3
DA:78,3
DA:89,2
DA:90,2
DA:93,2
DA:100,2
DA:111,2
DA:112,2
DA:115,2
DA:122,2
DA:133,2
DA:134,2
DA:137,2
DA:145,2
DA:156,4
DA:158,3
DA:168,3
DA:171,1
LF:30
LH:30
BRDA:26,0,0,3
BRDA:26,0,1,1
BRDA:27,1,0,3
BRDA:27,1,1,1
BRDA:49,2,0,2
BRDA:49,2,1,0
BRDA:71,3,0,3
BRDA:71,3,1,0
BRDA:73,4,0,3
BRDA:73,4,1,1
BRDA:94,5,0,2
BRDA:94,5,1,0
BRDA:116,6,0,2
BRDA:116,6,1,0
BRDA:138,7,0,2
BRDA:138,7,1,0
BRDA:139,8,0,2
BRDA:139,8,1,0
BRDA:156,9,0,3
BRF:19
BRH:13
end_of_record
